[0.112s] Invoking command in '/home/davood/ros2_ws/build/turtlebot3_description': CMAKE_PREFIX_PATH=/home/davood/ros2_ws/install/my_package:/opt/ros/foxy:${CMAKE_PREFIX_PATH} CONDA_PROMPT_MODIFIER=(base) /usr/bin/cmake --build /home/davood/ros2_ws/build/turtlebot3_description -- -j8 -l8
[2.119s] Invoked command in '/home/davood/ros2_ws/build/turtlebot3_description' returned '0': CMAKE_PREFIX_PATH=/home/davood/ros2_ws/install/my_package:/opt/ros/foxy:${CMAKE_PREFIX_PATH} CONDA_PROMPT_MODIFIER=(base) /usr/bin/cmake --build /home/davood/ros2_ws/build/turtlebot3_description -- -j8 -l8
[2.193s] Invoking command in '/home/davood/ros2_ws/build/turtlebot3_description': CMAKE_PREFIX_PATH=/home/davood/ros2_ws/install/my_package:/opt/ros/foxy:${CMAKE_PREFIX_PATH} CONDA_PROMPT_MODIFIER=(base) /usr/bin/cmake --install /home/davood/ros2_ws/build/turtlebot3_description
[2.283s] -- Install configuration: ""
[2.284s] -- Installing: /home/davood/ros2_ws/install/turtlebot3_description/share/turtlebot3_description/meshes
[2.284s] -- Installing: /home/davood/ros2_ws/install/turtlebot3_description/share/turtlebot3_description/meshes/wheels
[2.284s] -- Installing: /home/davood/ros2_ws/install/turtlebot3_description/share/turtlebot3_description/meshes/wheels/left_tire.stl
[2.284s] -- Installing: /home/davood/ros2_ws/install/turtlebot3_description/share/turtlebot3_description/meshes/wheels/right_tire.stl
[2.285s] -- Installing: /home/davood/ros2_ws/install/turtlebot3_description/share/turtlebot3_description/meshes/bases
[2.285s] -- Installing: /home/davood/ros2_ws/install/turtlebot3_description/share/turtlebot3_description/meshes/bases/waffle_pi_base.stl
[2.290s] -- Installing: /home/davood/ros2_ws/install/turtlebot3_description/share/turtlebot3_description/meshes/bases/burger_base.stl
[2.290s] -- Installing: /home/davood/ros2_ws/install/turtlebot3_description/share/turtlebot3_description/meshes/bases/waffle_base.stl
[2.365s] -- Installing: /home/davood/ros2_ws/install/turtlebot3_description/share/turtlebot3_description/meshes/sensors
[2.365s] -- Installing: /home/davood/ros2_ws/install/turtlebot3_description/share/turtlebot3_description/meshes/sensors/astra.dae
[2.407s] -- Installing: /home/davood/ros2_ws/install/turtlebot3_description/share/turtlebot3_description/meshes/sensors/astra.jpg
[2.408s] -- Installing: /home/davood/ros2_ws/install/turtlebot3_description/share/turtlebot3_description/meshes/sensors/r200.dae
[2.410s] -- Installing: /home/davood/ros2_ws/install/turtlebot3_description/share/turtlebot3_description/meshes/sensors/lds.stl
[2.414s] -- Installing: /home/davood/ros2_ws/install/turtlebot3_description/share/turtlebot3_description/meshes/sensors/r200.jpg
[2.414s] -- Installing: /home/davood/ros2_ws/install/turtlebot3_description/share/turtlebot3_description/rviz
[2.414s] -- Installing: /home/davood/ros2_ws/install/turtlebot3_description/share/turtlebot3_description/rviz/model.rviz
[2.415s] -- Installing: /home/davood/ros2_ws/install/turtlebot3_description/share/turtlebot3_description/urdf
[2.415s] -- Installing: /home/davood/ros2_ws/install/turtlebot3_description/share/turtlebot3_description/urdf/turtlebot3_burger.urdf
[2.415s] -- Installing: /home/davood/ros2_ws/install/turtlebot3_description/share/turtlebot3_description/urdf/common_properties.urdf
[2.416s] -- Installing: /home/davood/ros2_ws/install/turtlebot3_description/share/turtlebot3_description/urdf/turtlebot3_waffle.urdf
[2.416s] -- Installing: /home/davood/ros2_ws/install/turtlebot3_description/share/turtlebot3_description/urdf/turtlebot3_waffle_pi.urdf
[2.417s] -- Installing: /home/davood/ros2_ws/install/turtlebot3_description/share/ament_index/resource_index/package_run_dependencies/turtlebot3_description
[2.419s] -- Installing: /home/davood/ros2_ws/install/turtlebot3_description/share/ament_index/resource_index/parent_prefix_path/turtlebot3_description
[2.419s] -- Installing: /home/davood/ros2_ws/install/turtlebot3_description/share/turtlebot3_description/environment/ament_prefix_path.sh
[2.420s] -- Installing: /home/davood/ros2_ws/install/turtlebot3_description/share/turtlebot3_description/environment/ament_prefix_path.dsv
[2.420s] -- Installing: /home/davood/ros2_ws/install/turtlebot3_description/share/turtlebot3_description/environment/path.sh
[2.421s] -- Installing: /home/davood/ros2_ws/install/turtlebot3_description/share/turtlebot3_description/environment/path.dsv
[2.421s] -- Installing: /home/davood/ros2_ws/install/turtlebot3_description/share/turtlebot3_description/local_setup.bash
[2.422s] -- Installing: /home/davood/ros2_ws/install/turtlebot3_description/share/turtlebot3_description/local_setup.sh
[2.422s] -- Installing: /home/davood/ros2_ws/install/turtlebot3_description/share/turtlebot3_description/local_setup.zsh
[2.422s] -- Installing: /home/davood/ros2_ws/install/turtlebot3_description/share/turtlebot3_description/local_setup.dsv
[2.422s] -- Installing: /home/davood/ros2_ws/install/turtlebot3_description/share/turtlebot3_description/package.dsv
[2.423s] -- Installing: /home/davood/ros2_ws/install/turtlebot3_description/share/ament_index/resource_index/packages/turtlebot3_description
[2.423s] -- Installing: /home/davood/ros2_ws/install/turtlebot3_description/share/turtlebot3_description/cmake/turtlebot3_descriptionConfig.cmake
[2.424s] -- Installing: /home/davood/ros2_ws/install/turtlebot3_description/share/turtlebot3_description/cmake/turtlebot3_descriptionConfig-version.cmake
[2.424s] -- Installing: /home/davood/ros2_ws/install/turtlebot3_description/share/turtlebot3_description/package.xml
