[1.660s] Invoking command in '/home/davood/ros2_ws/src/turtlebot3/turtlebot3_example': CONDA_PROMPT_MODIFIER=(base) PYTHONPATH=/home/davood/ros2_ws/install/turtlebot3_example/lib/python3.8/site-packages:${PYTHONPATH} /usr/bin/python3 setup.py egg_info --egg-base ../../../build/turtlebot3_example build --build-base /home/davood/ros2_ws/build/turtlebot3_example/build install --prefix /home/davood/ros2_ws/install/turtlebot3_example --record /home/davood/ros2_ws/build/turtlebot3_example/install.log --single-version-externally-managed
[2.156s] running egg_info
[2.157s] creating ../../../build/turtlebot3_example/turtlebot3_example.egg-info
[2.158s] writing ../../../build/turtlebot3_example/turtlebot3_example.egg-info/PKG-INFO
[2.158s] writing dependency_links to ../../../build/turtlebot3_example/turtlebot3_example.egg-info/dependency_links.txt
[2.159s] writing entry points to ../../../build/turtlebot3_example/turtlebot3_example.egg-info/entry_points.txt
[2.159s] writing requirements to ../../../build/turtlebot3_example/turtlebot3_example.egg-info/requires.txt
[2.159s] writing top-level names to ../../../build/turtlebot3_example/turtlebot3_example.egg-info/top_level.txt
[2.164s] writing manifest file '../../../build/turtlebot3_example/turtlebot3_example.egg-info/SOURCES.txt'
[2.268s] reading manifest file '../../../build/turtlebot3_example/turtlebot3_example.egg-info/SOURCES.txt'
[2.270s] writing manifest file '../../../build/turtlebot3_example/turtlebot3_example.egg-info/SOURCES.txt'
[2.271s] running build
[2.271s] running build_py
[2.272s] creating /home/davood/ros2_ws/build/turtlebot3_example/build
[2.272s] creating /home/davood/ros2_ws/build/turtlebot3_example/build/lib
[2.272s] creating /home/davood/ros2_ws/build/turtlebot3_example/build/lib/turtlebot3_example
[2.272s] copying turtlebot3_example/__init__.py -> /home/davood/ros2_ws/build/turtlebot3_example/build/lib/turtlebot3_example
[2.274s] creating /home/davood/ros2_ws/build/turtlebot3_example/build/lib/turtlebot3_example/turtlebot3_obstacle_detection
[2.274s] copying turtlebot3_example/turtlebot3_obstacle_detection/__init__.py -> /home/davood/ros2_ws/build/turtlebot3_example/build/lib/turtlebot3_example/turtlebot3_obstacle_detection
[2.274s] copying turtlebot3_example/turtlebot3_obstacle_detection/main.py -> /home/davood/ros2_ws/build/turtlebot3_example/build/lib/turtlebot3_example/turtlebot3_obstacle_detection
[2.275s] copying turtlebot3_example/turtlebot3_obstacle_detection/turtlebot3_obstacle_detection.py -> /home/davood/ros2_ws/build/turtlebot3_example/build/lib/turtlebot3_example/turtlebot3_obstacle_detection
[2.275s] creating /home/davood/ros2_ws/build/turtlebot3_example/build/lib/turtlebot3_example/turtlebot3_patrol_server
[2.275s] copying turtlebot3_example/turtlebot3_patrol_server/__init__.py -> /home/davood/ros2_ws/build/turtlebot3_example/build/lib/turtlebot3_example/turtlebot3_patrol_server
[2.276s] copying turtlebot3_example/turtlebot3_patrol_server/main.py -> /home/davood/ros2_ws/build/turtlebot3_example/build/lib/turtlebot3_example/turtlebot3_patrol_server
[2.276s] copying turtlebot3_example/turtlebot3_patrol_server/turtlebot3_path.py -> /home/davood/ros2_ws/build/turtlebot3_example/build/lib/turtlebot3_example/turtlebot3_patrol_server
[2.276s] copying turtlebot3_example/turtlebot3_patrol_server/turtlebot3_patrol_server.py -> /home/davood/ros2_ws/build/turtlebot3_example/build/lib/turtlebot3_example/turtlebot3_patrol_server
[2.277s] creating /home/davood/ros2_ws/build/turtlebot3_example/build/lib/turtlebot3_example/turtlebot3_position_control
[2.277s] copying turtlebot3_example/turtlebot3_position_control/__init__.py -> /home/davood/ros2_ws/build/turtlebot3_example/build/lib/turtlebot3_example/turtlebot3_position_control
[2.277s] copying turtlebot3_example/turtlebot3_position_control/main.py -> /home/davood/ros2_ws/build/turtlebot3_example/build/lib/turtlebot3_example/turtlebot3_position_control
[2.277s] copying turtlebot3_example/turtlebot3_position_control/turtlebot3_path.py -> /home/davood/ros2_ws/build/turtlebot3_example/build/lib/turtlebot3_example/turtlebot3_position_control
[2.278s] copying turtlebot3_example/turtlebot3_position_control/turtlebot3_position_control.py -> /home/davood/ros2_ws/build/turtlebot3_example/build/lib/turtlebot3_example/turtlebot3_position_control
[2.278s] creating /home/davood/ros2_ws/build/turtlebot3_example/build/lib/turtlebot3_example/turtlebot3_patrol_client
[2.279s] copying turtlebot3_example/turtlebot3_patrol_client/__init__.py -> /home/davood/ros2_ws/build/turtlebot3_example/build/lib/turtlebot3_example/turtlebot3_patrol_client
[2.279s] copying turtlebot3_example/turtlebot3_patrol_client/main.py -> /home/davood/ros2_ws/build/turtlebot3_example/build/lib/turtlebot3_example/turtlebot3_patrol_client
[2.279s] copying turtlebot3_example/turtlebot3_patrol_client/turtlebot3_patrol_client.py -> /home/davood/ros2_ws/build/turtlebot3_example/build/lib/turtlebot3_example/turtlebot3_patrol_client
[2.279s] running install
[2.281s] running install_lib
[2.282s] creating /home/davood/ros2_ws/install/turtlebot3_example/lib/python3.8/site-packages/turtlebot3_example
[2.282s] creating /home/davood/ros2_ws/install/turtlebot3_example/lib/python3.8/site-packages/turtlebot3_example/turtlebot3_obstacle_detection
[2.282s] copying /home/davood/ros2_ws/build/turtlebot3_example/build/lib/turtlebot3_example/turtlebot3_obstacle_detection/__init__.py -> /home/davood/ros2_ws/install/turtlebot3_example/lib/python3.8/site-packages/turtlebot3_example/turtlebot3_obstacle_detection
[2.282s] copying /home/davood/ros2_ws/build/turtlebot3_example/build/lib/turtlebot3_example/turtlebot3_obstacle_detection/main.py -> /home/davood/ros2_ws/install/turtlebot3_example/lib/python3.8/site-packages/turtlebot3_example/turtlebot3_obstacle_detection
[2.283s] copying /home/davood/ros2_ws/build/turtlebot3_example/build/lib/turtlebot3_example/turtlebot3_obstacle_detection/turtlebot3_obstacle_detection.py -> /home/davood/ros2_ws/install/turtlebot3_example/lib/python3.8/site-packages/turtlebot3_example/turtlebot3_obstacle_detection
[2.283s] copying /home/davood/ros2_ws/build/turtlebot3_example/build/lib/turtlebot3_example/__init__.py -> /home/davood/ros2_ws/install/turtlebot3_example/lib/python3.8/site-packages/turtlebot3_example
[2.284s] creating /home/davood/ros2_ws/install/turtlebot3_example/lib/python3.8/site-packages/turtlebot3_example/turtlebot3_patrol_server
[2.284s] copying /home/davood/ros2_ws/build/turtlebot3_example/build/lib/turtlebot3_example/turtlebot3_patrol_server/__init__.py -> /home/davood/ros2_ws/install/turtlebot3_example/lib/python3.8/site-packages/turtlebot3_example/turtlebot3_patrol_server
[2.284s] copying /home/davood/ros2_ws/build/turtlebot3_example/build/lib/turtlebot3_example/turtlebot3_patrol_server/main.py -> /home/davood/ros2_ws/install/turtlebot3_example/lib/python3.8/site-packages/turtlebot3_example/turtlebot3_patrol_server
[2.285s] copying /home/davood/ros2_ws/build/turtlebot3_example/build/lib/turtlebot3_example/turtlebot3_patrol_server/turtlebot3_path.py -> /home/davood/ros2_ws/install/turtlebot3_example/lib/python3.8/site-packages/turtlebot3_example/turtlebot3_patrol_server
[2.285s] copying /home/davood/ros2_ws/build/turtlebot3_example/build/lib/turtlebot3_example/turtlebot3_patrol_server/turtlebot3_patrol_server.py -> /home/davood/ros2_ws/install/turtlebot3_example/lib/python3.8/site-packages/turtlebot3_example/turtlebot3_patrol_server
[2.285s] creating /home/davood/ros2_ws/install/turtlebot3_example/lib/python3.8/site-packages/turtlebot3_example/turtlebot3_position_control
[2.286s] copying /home/davood/ros2_ws/build/turtlebot3_example/build/lib/turtlebot3_example/turtlebot3_position_control/__init__.py -> /home/davood/ros2_ws/install/turtlebot3_example/lib/python3.8/site-packages/turtlebot3_example/turtlebot3_position_control
[2.286s] copying /home/davood/ros2_ws/build/turtlebot3_example/build/lib/turtlebot3_example/turtlebot3_position_control/main.py -> /home/davood/ros2_ws/install/turtlebot3_example/lib/python3.8/site-packages/turtlebot3_example/turtlebot3_position_control
[2.286s] copying /home/davood/ros2_ws/build/turtlebot3_example/build/lib/turtlebot3_example/turtlebot3_position_control/turtlebot3_path.py -> /home/davood/ros2_ws/install/turtlebot3_example/lib/python3.8/site-packages/turtlebot3_example/turtlebot3_position_control
[2.286s] copying /home/davood/ros2_ws/build/turtlebot3_example/build/lib/turtlebot3_example/turtlebot3_position_control/turtlebot3_position_control.py -> /home/davood/ros2_ws/install/turtlebot3_example/lib/python3.8/site-packages/turtlebot3_example/turtlebot3_position_control
[2.287s] creating /home/davood/ros2_ws/install/turtlebot3_example/lib/python3.8/site-packages/turtlebot3_example/turtlebot3_patrol_client
[2.287s] copying /home/davood/ros2_ws/build/turtlebot3_example/build/lib/turtlebot3_example/turtlebot3_patrol_client/__init__.py -> /home/davood/ros2_ws/install/turtlebot3_example/lib/python3.8/site-packages/turtlebot3_example/turtlebot3_patrol_client
[2.287s] copying /home/davood/ros2_ws/build/turtlebot3_example/build/lib/turtlebot3_example/turtlebot3_patrol_client/main.py -> /home/davood/ros2_ws/install/turtlebot3_example/lib/python3.8/site-packages/turtlebot3_example/turtlebot3_patrol_client
[2.287s] copying /home/davood/ros2_ws/build/turtlebot3_example/build/lib/turtlebot3_example/turtlebot3_patrol_client/turtlebot3_patrol_client.py -> /home/davood/ros2_ws/install/turtlebot3_example/lib/python3.8/site-packages/turtlebot3_example/turtlebot3_patrol_client
[2.288s] byte-compiling /home/davood/ros2_ws/install/turtlebot3_example/lib/python3.8/site-packages/turtlebot3_example/turtlebot3_obstacle_detection/__init__.py to __init__.cpython-38.pyc
[2.291s] byte-compiling /home/davood/ros2_ws/install/turtlebot3_example/lib/python3.8/site-packages/turtlebot3_example/turtlebot3_obstacle_detection/main.py to main.cpython-38.pyc
[2.291s] byte-compiling /home/davood/ros2_ws/install/turtlebot3_example/lib/python3.8/site-packages/turtlebot3_example/turtlebot3_obstacle_detection/turtlebot3_obstacle_detection.py to turtlebot3_obstacle_detection.cpython-38.pyc
[2.292s] byte-compiling /home/davood/ros2_ws/install/turtlebot3_example/lib/python3.8/site-packages/turtlebot3_example/__init__.py to __init__.cpython-38.pyc
[2.293s] byte-compiling /home/davood/ros2_ws/install/turtlebot3_example/lib/python3.8/site-packages/turtlebot3_example/turtlebot3_patrol_server/__init__.py to __init__.cpython-38.pyc
[2.293s] byte-compiling /home/davood/ros2_ws/install/turtlebot3_example/lib/python3.8/site-packages/turtlebot3_example/turtlebot3_patrol_server/main.py to main.cpython-38.pyc
[2.294s] byte-compiling /home/davood/ros2_ws/install/turtlebot3_example/lib/python3.8/site-packages/turtlebot3_example/turtlebot3_patrol_server/turtlebot3_path.py to turtlebot3_path.cpython-38.pyc
[2.294s] byte-compiling /home/davood/ros2_ws/install/turtlebot3_example/lib/python3.8/site-packages/turtlebot3_example/turtlebot3_patrol_server/turtlebot3_patrol_server.py to turtlebot3_patrol_server.cpython-38.pyc
[2.296s] byte-compiling /home/davood/ros2_ws/install/turtlebot3_example/lib/python3.8/site-packages/turtlebot3_example/turtlebot3_position_control/__init__.py to __init__.cpython-38.pyc
[2.296s] byte-compiling /home/davood/ros2_ws/install/turtlebot3_example/lib/python3.8/site-packages/turtlebot3_example/turtlebot3_position_control/main.py to main.cpython-38.pyc
[2.296s] byte-compiling /home/davood/ros2_ws/install/turtlebot3_example/lib/python3.8/site-packages/turtlebot3_example/turtlebot3_position_control/turtlebot3_path.py to turtlebot3_path.cpython-38.pyc
[2.297s] byte-compiling /home/davood/ros2_ws/install/turtlebot3_example/lib/python3.8/site-packages/turtlebot3_example/turtlebot3_position_control/turtlebot3_position_control.py to turtlebot3_position_control.cpython-38.pyc
[2.299s] byte-compiling /home/davood/ros2_ws/install/turtlebot3_example/lib/python3.8/site-packages/turtlebot3_example/turtlebot3_patrol_client/__init__.py to __init__.cpython-38.pyc
[2.299s] byte-compiling /home/davood/ros2_ws/install/turtlebot3_example/lib/python3.8/site-packages/turtlebot3_example/turtlebot3_patrol_client/main.py to main.cpython-38.pyc
[2.300s] byte-compiling /home/davood/ros2_ws/install/turtlebot3_example/lib/python3.8/site-packages/turtlebot3_example/turtlebot3_patrol_client/turtlebot3_patrol_client.py to turtlebot3_patrol_client.cpython-38.pyc
[2.301s] running install_data
[2.302s] creating /home/davood/ros2_ws/install/turtlebot3_example/share/ament_index
[2.303s] creating /home/davood/ros2_ws/install/turtlebot3_example/share/ament_index/resource_index
[2.303s] creating /home/davood/ros2_ws/install/turtlebot3_example/share/ament_index/resource_index/packages
[2.303s] copying resource/turtlebot3_example -> /home/davood/ros2_ws/install/turtlebot3_example/share/ament_index/resource_index/packages
[2.303s] copying package.xml -> /home/davood/ros2_ws/install/turtlebot3_example/share/turtlebot3_example
[2.304s] running install_egg_info
[2.308s] Copying ../../../build/turtlebot3_example/turtlebot3_example.egg-info to /home/davood/ros2_ws/install/turtlebot3_example/lib/python3.8/site-packages/turtlebot3_example-2.1.2-py3.8.egg-info
[2.309s] running install_scripts
[2.349s] Installing turtlebot3_obstacle_detection script to /home/davood/ros2_ws/install/turtlebot3_example/lib/turtlebot3_example
[2.350s] Installing turtlebot3_patrol_client script to /home/davood/ros2_ws/install/turtlebot3_example/lib/turtlebot3_example
[2.350s] Installing turtlebot3_patrol_server script to /home/davood/ros2_ws/install/turtlebot3_example/lib/turtlebot3_example
[2.350s] Installing turtlebot3_position_control script to /home/davood/ros2_ws/install/turtlebot3_example/lib/turtlebot3_example
[2.351s] writing list of installed files to '/home/davood/ros2_ws/build/turtlebot3_example/install.log'
