[1.014s] Invoking command in '/home/davood/ros2_ws/src/my_package': CONDA_PROMPT_MODIFIER=(base) PYTHONPATH=/home/davood/ros2_ws/install/my_package/lib/python3.8/site-packages:${PYTHONPATH} /usr/bin/python3 setup.py egg_info --egg-base ../../build/my_package build --build-base /home/davood/ros2_ws/build/my_package/build install --prefix /home/davood/ros2_ws/install/my_package --record /home/davood/ros2_ws/build/my_package/install.log --single-version-externally-managed
[1.587s] running egg_info
[1.588s] writing ../../build/my_package/my_package.egg-info/PKG-INFO
[1.588s] writing dependency_links to ../../build/my_package/my_package.egg-info/dependency_links.txt
[1.589s] writing entry points to ../../build/my_package/my_package.egg-info/entry_points.txt
[1.589s] writing requirements to ../../build/my_package/my_package.egg-info/requires.txt
[1.589s] writing top-level names to ../../build/my_package/my_package.egg-info/top_level.txt
[1.659s] reading manifest file '../../build/my_package/my_package.egg-info/SOURCES.txt'
[1.661s] writing manifest file '../../build/my_package/my_package.egg-info/SOURCES.txt'
[1.661s] running build
[1.662s] running build_py
[1.662s] running install
[1.664s] running install_lib
[1.666s] running install_data
[1.667s] running install_egg_info
[1.670s] removing '/home/davood/ros2_ws/install/my_package/lib/python3.8/site-packages/my_package-0.0.0-py3.8.egg-info' (and everything under it)
[1.671s] Copying ../../build/my_package/my_package.egg-info to /home/davood/ros2_ws/install/my_package/lib/python3.8/site-packages/my_package-0.0.0-py3.8.egg-info
[1.673s] running install_scripts
[1.701s] Installing simple script to /home/davood/ros2_ws/install/my_package/lib/my_package
[1.701s] Installing simple_publisher script to /home/davood/ros2_ws/install/my_package/lib/my_package
[1.701s] Installing simple_subscriber script to /home/davood/ros2_ws/install/my_package/lib/my_package
[1.702s] writing list of installed files to '/home/davood/ros2_ws/build/my_package/install.log'
[1.742s] Invoked command in '/home/davood/ros2_ws/src/my_package' returned '0': CONDA_PROMPT_MODIFIER=(base) PYTHONPATH=/home/davood/ros2_ws/install/my_package/lib/python3.8/site-packages:${PYTHONPATH} /usr/bin/python3 setup.py egg_info --egg-base ../../build/my_package build --build-base /home/davood/ros2_ws/build/my_package/build install --prefix /home/davood/ros2_ws/install/my_package --record /home/davood/ros2_ws/build/my_package/install.log --single-version-externally-managed
