[0.076s] Invoking command in '/home/davood/ros2_ws/build/turtlebot3_cartographer': CMAKE_PREFIX_PATH=/opt/ros/foxy:${CMAKE_PREFIX_PATH} CONDA_PROMPT_MODIFIER=(base) /usr/bin/cmake /home/davood/ros2_ws/src/turtlebot3/turtlebot3_cartographer -DCMAKE_INSTALL_PREFIX=/home/davood/ros2_ws/install/turtlebot3_cartographer
[1.657s] -- The C compiler identification is GNU 9.3.0
[1.657s] -- The CXX compiler identification is GNU 9.3.0
[1.657s] -- Check for working C compiler: /usr/bin/cc
[1.658s] -- Check for working C compiler: /usr/bin/cc -- works
[1.658s] -- Detecting C compiler ABI info
[1.658s] -- Detecting C compiler ABI info - done
[1.658s] -- Detecting C compile features
[1.659s] -- Detecting C compile features - done
[1.659s] -- Check for working CXX compiler: /usr/bin/c++
[1.659s] -- Check for working CXX compiler: /usr/bin/c++ -- works
[1.659s] -- Detecting CXX compiler ABI info
[1.660s] -- Detecting CXX compiler ABI info - done
[1.660s] -- Detecting CXX compile features
[1.661s] -- Detecting CXX compile features - done
[1.661s] -- Found ament_cmake: 0.9.8 (/opt/ros/foxy/share/ament_cmake/cmake)
[1.661s] -- Found PythonInterp: /home/davood/anaconda3/bin/python3 (found suitable version "3.8.5", minimum required is "3") 
[1.661s] -- Using PYTHON_EXECUTABLE: /home/davood/anaconda3/bin/python3
[1.958s] Traceback (most recent call last):
[1.958s]   File "/opt/ros/foxy/share/ament_cmake_core/cmake/core/package_xml_2_cmake.py", line 21, in <module>
[1.958s]     from catkin_pkg.package import parse_package_string
[1.959s] ModuleNotFoundError: No module named 'catkin_pkg'
[1.965s] CMake Error at /opt/ros/foxy/share/ament_cmake_core/cmake/core/ament_package_xml.cmake:94 (message):
[1.965s]   execute_process(/home/davood/anaconda3/bin/python3
[1.966s]   /opt/ros/foxy/share/ament_cmake_core/cmake/core/package_xml_2_cmake.py
[1.966s]   /home/davood/ros2_ws/src/turtlebot3/turtlebot3_cartographer/package.xml
[1.966s]   /home/davood/ros2_ws/build/turtlebot3_cartographer/ament_cmake_core/package.cmake)
[1.966s]   returned error code 1
[1.967s] Call Stack (most recent call first):
[1.967s]   /opt/ros/foxy/share/ament_cmake_core/cmake/core/ament_package_xml.cmake:49 (_ament_package_xml)
[1.967s]   /opt/ros/foxy/share/ament_cmake_core/cmake/core/ament_package.cmake:63 (ament_package_xml)
[1.967s]   CMakeLists.txt:23 (ament_package)
[1.968s] 
[1.968s] 
[1.968s] -- Configuring incomplete, errors occurred!
[1.969s] See also "/home/davood/ros2_ws/build/turtlebot3_cartographer/CMakeFiles/CMakeOutput.log".
[1.989s] Invoked command in '/home/davood/ros2_ws/build/turtlebot3_cartographer' returned '1': CMAKE_PREFIX_PATH=/opt/ros/foxy:${CMAKE_PREFIX_PATH} CONDA_PROMPT_MODIFIER=(base) /usr/bin/cmake /home/davood/ros2_ws/src/turtlebot3/turtlebot3_cartographer -DCMAKE_INSTALL_PREFIX=/home/davood/ros2_ws/install/turtlebot3_cartographer
