[2.060s] Invoking command in '/home/davood/ros2_ws/src/turtlebot3/turtlebot3_teleop': CONDA_PROMPT_MODIFIER=(base) PYTHONPATH=/home/davood/ros2_ws/install/turtlebot3_teleop/lib/python3.8/site-packages:${PYTHONPATH} /usr/bin/python3 setup.py egg_info --egg-base ../../../build/turtlebot3_teleop build --build-base /home/davood/ros2_ws/build/turtlebot3_teleop/build install --prefix /home/davood/ros2_ws/install/turtlebot3_teleop --record /home/davood/ros2_ws/build/turtlebot3_teleop/install.log --single-version-externally-managed
[2.516s] running egg_info
[2.516s] writing ../../../build/turtlebot3_teleop/turtlebot3_teleop.egg-info/PKG-INFO
[2.517s] writing dependency_links to ../../../build/turtlebot3_teleop/turtlebot3_teleop.egg-info/dependency_links.txt
[2.517s] writing entry points to ../../../build/turtlebot3_teleop/turtlebot3_teleop.egg-info/entry_points.txt
[2.517s] writing requirements to ../../../build/turtlebot3_teleop/turtlebot3_teleop.egg-info/requires.txt
[2.518s] writing top-level names to ../../../build/turtlebot3_teleop/turtlebot3_teleop.egg-info/top_level.txt
[2.584s] reading manifest file '../../../build/turtlebot3_teleop/turtlebot3_teleop.egg-info/SOURCES.txt'
[2.585s] writing manifest file '../../../build/turtlebot3_teleop/turtlebot3_teleop.egg-info/SOURCES.txt'
[2.585s] running build
[2.586s] running build_py
[2.586s] running install
[2.587s] running install_lib
[2.590s] running install_data
[2.590s] running install_egg_info
[2.593s] removing '/home/davood/ros2_ws/install/turtlebot3_teleop/lib/python3.8/site-packages/turtlebot3_teleop-2.1.2-py3.8.egg-info' (and everything under it)
[2.593s] Copying ../../../build/turtlebot3_teleop/turtlebot3_teleop.egg-info to /home/davood/ros2_ws/install/turtlebot3_teleop/lib/python3.8/site-packages/turtlebot3_teleop-2.1.2-py3.8.egg-info
[2.595s] running install_scripts
[2.623s] Installing teleop_keyboard script to /home/davood/ros2_ws/install/turtlebot3_teleop/lib/turtlebot3_teleop
[2.623s] writing list of installed files to '/home/davood/ros2_ws/build/turtlebot3_teleop/install.log'
