[1.180s] Invoking command in '/home/davood/ros2_ws/src/turtlebot3/turtlebot3_example': CONDA_PROMPT_MODIFIER=(base) PYTHONPATH=/home/davood/ros2_ws/install/turtlebot3_example/lib/python3.8/site-packages:${PYTHONPATH} /usr/bin/python3 setup.py egg_info --egg-base ../../../build/turtlebot3_example build --build-base /home/davood/ros2_ws/build/turtlebot3_example/build install --prefix /home/davood/ros2_ws/install/turtlebot3_example --record /home/davood/ros2_ws/build/turtlebot3_example/install.log --single-version-externally-managed
[1.671s] running egg_info
[1.672s] writing ../../../build/turtlebot3_example/turtlebot3_example.egg-info/PKG-INFO
[1.673s] writing dependency_links to ../../../build/turtlebot3_example/turtlebot3_example.egg-info/dependency_links.txt
[1.673s] writing entry points to ../../../build/turtlebot3_example/turtlebot3_example.egg-info/entry_points.txt
[1.673s] writing requirements to ../../../build/turtlebot3_example/turtlebot3_example.egg-info/requires.txt
[1.674s] writing top-level names to ../../../build/turtlebot3_example/turtlebot3_example.egg-info/top_level.txt
[1.741s] reading manifest file '../../../build/turtlebot3_example/turtlebot3_example.egg-info/SOURCES.txt'
[1.742s] writing manifest file '../../../build/turtlebot3_example/turtlebot3_example.egg-info/SOURCES.txt'
[1.743s] running build
[1.743s] running build_py
[1.745s] running install
[1.747s] running install_lib
[1.750s] running install_data
[1.751s] running install_egg_info
[1.754s] removing '/home/davood/ros2_ws/install/turtlebot3_example/lib/python3.8/site-packages/turtlebot3_example-2.1.2-py3.8.egg-info' (and everything under it)
[1.754s] Copying ../../../build/turtlebot3_example/turtlebot3_example.egg-info to /home/davood/ros2_ws/install/turtlebot3_example/lib/python3.8/site-packages/turtlebot3_example-2.1.2-py3.8.egg-info
[1.756s] running install_scripts
[1.789s] Installing turtlebot3_obstacle_detection script to /home/davood/ros2_ws/install/turtlebot3_example/lib/turtlebot3_example
[1.789s] Installing turtlebot3_patrol_client script to /home/davood/ros2_ws/install/turtlebot3_example/lib/turtlebot3_example
[1.789s] Installing turtlebot3_patrol_server script to /home/davood/ros2_ws/install/turtlebot3_example/lib/turtlebot3_example
[1.790s] Installing turtlebot3_position_control script to /home/davood/ros2_ws/install/turtlebot3_example/lib/turtlebot3_example
[1.791s] writing list of installed files to '/home/davood/ros2_ws/build/turtlebot3_example/install.log'
