[1.629s] Invoking command in '/home/davood/ros2_ws/src/my_package': CONDA_PROMPT_MODIFIER=(base) PYTHONPATH=/home/davood/ros2_ws/install/my_package/lib/python3.8/site-packages:${PYTHONPATH} /usr/bin/python3 setup.py egg_info --egg-base ../../build/my_package build --build-base /home/davood/ros2_ws/build/my_package/build install --prefix /home/davood/ros2_ws/install/my_package --record /home/davood/ros2_ws/build/my_package/install.log --single-version-externally-managed
[2.165s] running egg_info
[2.167s] writing ../../build/my_package/my_package.egg-info/PKG-INFO
[2.168s] writing dependency_links to ../../build/my_package/my_package.egg-info/dependency_links.txt
[2.168s] writing entry points to ../../build/my_package/my_package.egg-info/entry_points.txt
[2.169s] writing requirements to ../../build/my_package/my_package.egg-info/requires.txt
[2.169s] writing top-level names to ../../build/my_package/my_package.egg-info/top_level.txt
[2.273s] reading manifest file '../../build/my_package/my_package.egg-info/SOURCES.txt'
[2.276s] writing manifest file '../../build/my_package/my_package.egg-info/SOURCES.txt'
[2.276s] running build
[2.276s] running build_py
[2.277s] running install
[2.279s] running install_lib
[2.283s] running install_data
[2.285s] running install_egg_info
[2.289s] removing '/home/davood/ros2_ws/install/my_package/lib/python3.8/site-packages/my_package-0.0.0-py3.8.egg-info' (and everything under it)
[2.290s] Copying ../../build/my_package/my_package.egg-info to /home/davood/ros2_ws/install/my_package/lib/python3.8/site-packages/my_package-0.0.0-py3.8.egg-info
[2.292s] running install_scripts
[2.326s] Installing simple script to /home/davood/ros2_ws/install/my_package/lib/my_package
[2.327s] writing list of installed files to '/home/davood/ros2_ws/build/my_package/install.log'
