-- The C compiler identification is GNU 9.3.0
-- The CXX compiler identification is GNU 9.3.0
-- Check for working C compiler: /usr/bin/cc
-- Check for working C compiler: /usr/bin/cc -- works
-- Detecting C compiler ABI info
-- Detecting C compiler ABI info - done
-- Detecting C compile features
-- Detecting C compile features - done
-- Check for working CXX compiler: /usr/bin/c++
-- Check for working CXX compiler: /usr/bin/c++ -- works
-- Detecting CXX compiler ABI info
-- Detecting CXX compiler ABI info - done
-- Detecting CXX compile features
-- Detecting CXX compile features - done
-- Found rmw: 1.0.3 (/opt/ros/foxy/share/rmw/cmake)
-- Found PythonInterp: /home/davood/anaconda3/bin/python3 (found suitable version "3.8.5", minimum required is "3") 
-- Using PYTHON_EXECUTABLE: /home/davood/anaconda3/bin/python3
-- Found rclcpp: 2.3.1 (/opt/ros/foxy/share/rclcpp/cmake)
-- Using all available rosidl_typesupport_c: rosidl_typesupport_fastrtps_c;rosidl_typesupport_introspection_c
-- Found rosidl_adapter: 1.2.1 (/opt/ros/foxy/share/rosidl_adapter/cmake)
-- Found OpenSSL: /usr/lib/x86_64-linux-gnu/libcrypto.so (found version "1.1.1f")  
-- Found FastRTPS: /opt/ros/foxy/include  
-- Using all available rosidl_typesupport_cpp: rosidl_typesupport_fastrtps_cpp;rosidl_typesupport_introspection_cpp
-- Found rmw_implementation_cmake: 1.0.3 (/opt/ros/foxy/share/rmw_implementation_cmake/cmake)
-- Using RMW implementation 'rmw_fastrtps_cpp' as default
-- Looking for pthread.h
-- Looking for pthread.h - found
-- Performing Test CMAKE_HAVE_LIBC_PTHREAD
-- Performing Test CMAKE_HAVE_LIBC_PTHREAD - Failed
-- Looking for pthread_create in pthreads
-- Looking for pthread_create in pthreads - not found
-- Looking for pthread_create in pthread
-- Looking for pthread_create in pthread - found
-- Found Threads: TRUE  
-- Found PkgConfig: /usr/bin/pkg-config (found version "0.29.1") 
-- Checking for module 'roscpp'
--   Found roscpp, version 1.15.11
-- Checking for module 'std_msgs'
--   Found std_msgs, version 0.5.13
-- Checking for module 'actionlib'
--   Found actionlib, version 1.13.2
-- Checking for module 'actionlib_msgs'
--   Found actionlib_msgs, version 1.13.1
-- Checking for module 'actionlib_tutorials'
--   Found actionlib_tutorials, version 0.2.0
-- Checking for module 'bond'
--   Found bond, version 1.8.6
-- Checking for module 'control_msgs'
--   Found control_msgs, version 1.5.2
-- Checking for module 'controller_manager_msgs'
--   Found controller_manager_msgs, version 0.19.5
-- Checking for module 'diagnostic_msgs'
--   Found diagnostic_msgs, version 1.13.1
-- Checking for module 'dynamic_reconfigure'
--   Found dynamic_reconfigure, version 1.7.1
-- Checking for module 'gazebo_msgs'
--   Found gazebo_msgs, version 2.9.2
-- Checking for module 'geometry_msgs'
--   Found geometry_msgs, version 1.13.1
-- Checking for module 'map_msgs'
--   Found map_msgs, version 1.14.1
-- Checking for module 'nav_msgs'
--   Found nav_msgs, version 1.13.1
-- Checking for module 'pcl_msgs'
--   Found pcl_msgs, version 0.3.0
-- Checking for module 'rosgraph_msgs'
--   Found rosgraph_msgs, version 1.11.3
-- Checking for module 'rospy_tutorials'
--   Found rospy_tutorials, version 0.10.2
-- Checking for module 'sensor_msgs'
--   Found sensor_msgs, version 1.13.1
-- Checking for module 'shape_msgs'
--   Found shape_msgs, version 1.13.1
-- Checking for module 'smach_msgs'
--   Found smach_msgs, version 2.5.0
-- Checking for module 'stereo_msgs'
--   Found stereo_msgs, version 1.13.1
-- Checking for module 'tf'
--   Found tf, version 1.13.2
-- Checking for module 'tf2_msgs'
--   Found tf2_msgs, version 0.7.5
-- Checking for module 'theora_image_transport'
--   Found theora_image_transport, version 1.14.0
-- Checking for module 'trajectory_msgs'
--   Found trajectory_msgs, version 1.13.1
-- Checking for module 'turtle_actionlib'
--   Found turtle_actionlib, version 0.2.0
-- Checking for module 'turtlesim'
--   Found turtlesim, version 0.10.2
-- Checking for module 'visualization_msgs'
--   Found visualization_msgs, version 1.13.1
-- Checking for module 'control_toolbox'
--   Found control_toolbox, version 1.18.2
-- Checking for module 'laser_assembler'
--   Found laser_assembler, version 1.7.8
-- Checking for module 'polled_camera'
--   Found polled_camera, version 1.12.0
-- Checking for module 'roscpp_tutorials'
--   Found roscpp_tutorials, version 0.10.2
-- Checking for module 'rviz'
--   Found rviz, version 1.14.8
-- Checking for module 'std_srvs'
--   Found std_srvs, version 1.11.3
-- Checking for module 'topic_tools'
--   Found topic_tools, version 1.15.11
-- Found action_msgs: 1.0.0 (/opt/ros/foxy/share/action_msgs/cmake)
-- Found action_tutorials_interfaces: 0.9.3 (/opt/ros/foxy/share/action_tutorials_interfaces/cmake)
-- Found actionlib_msgs: 2.0.4 (/opt/ros/foxy/share/actionlib_msgs/cmake)
-- Found builtin_interfaces: 1.0.0 (/opt/ros/foxy/share/builtin_interfaces/cmake)
-- Found composition_interfaces: 1.0.0 (/opt/ros/foxy/share/composition_interfaces/cmake)
-- Found diagnostic_msgs: 2.0.4 (/opt/ros/foxy/share/diagnostic_msgs/cmake)
-- Found example_interfaces: 0.9.1 (/opt/ros/foxy/share/example_interfaces/cmake)
-- Found geometry_msgs: 2.0.4 (/opt/ros/foxy/share/geometry_msgs/cmake)
-- Found libstatistics_collector: 1.0.1 (/opt/ros/foxy/share/libstatistics_collector/cmake)
-- Found lifecycle_msgs: 1.0.0 (/opt/ros/foxy/share/lifecycle_msgs/cmake)
-- Found logging_demo: 0.9.3 (/opt/ros/foxy/share/logging_demo/cmake)
-- Found map_msgs: 2.0.2 (/opt/ros/foxy/share/map_msgs/cmake)
-- Found nav_msgs: 2.0.4 (/opt/ros/foxy/share/nav_msgs/cmake)
-- Found pcl_msgs: 1.0.0 (/opt/ros/foxy/share/pcl_msgs/cmake)
-- Found pendulum_msgs: 0.9.3 (/opt/ros/foxy/share/pendulum_msgs/cmake)
-- Found rcl_interfaces: 1.0.0 (/opt/ros/foxy/share/rcl_interfaces/cmake)
-- Found rmw_dds_common: 1.0.3 (/opt/ros/foxy/share/rmw_dds_common/cmake)
-- Found rosgraph_msgs: 1.0.0 (/opt/ros/foxy/share/rosgraph_msgs/cmake)
-- Found sensor_msgs: 2.0.4 (/opt/ros/foxy/share/sensor_msgs/cmake)
-- Found shape_msgs: 2.0.4 (/opt/ros/foxy/share/shape_msgs/cmake)
-- Found statistics_msgs: 1.0.0 (/opt/ros/foxy/share/statistics_msgs/cmake)
-- Found std_msgs: 2.0.4 (/opt/ros/foxy/share/std_msgs/cmake)
-- Found std_srvs: 2.0.4 (/opt/ros/foxy/share/std_srvs/cmake)
-- Found stereo_msgs: 2.0.4 (/opt/ros/foxy/share/stereo_msgs/cmake)
-- Found tf2_msgs: 0.13.10 (/opt/ros/foxy/share/tf2_msgs/cmake)
-- Found trajectory_msgs: 2.0.4 (/opt/ros/foxy/share/trajectory_msgs/cmake)
-- Found turtlesim: 1.2.5 (/opt/ros/foxy/share/turtlesim/cmake)
-- Found unique_identifier_msgs: 2.1.3 (/opt/ros/foxy/share/unique_identifier_msgs/cmake)
-- Found visualization_msgs: 2.0.4 (/opt/ros/foxy/share/visualization_msgs/cmake)
-- Configuring done
-- Generating done
-- Build files have been written to: /home/davood/ros2_ws/build/ros1_bridge
[35m[1mScanning dependencies of target simple_bridge_1_to_2[0m
[35m[1mScanning dependencies of target simple_bridge_2_to_1[0m
[35m[1mScanning dependencies of target simple_bridge[0m
[  0%] [34m[1mGenerating factories for interface types[0m
[  0%] [32mBuilding CXX object CMakeFiles/simple_bridge_2_to_1.dir/src/simple_bridge_2_to_1.cpp.o[0m
[  1%] [32mBuilding CXX object CMakeFiles/simple_bridge_1_to_2.dir/src/simple_bridge_1_to_2.cpp.o[0m
[  1%] [32mBuilding CXX object CMakeFiles/simple_bridge.dir/src/simple_bridge.cpp.o[0m
[  1%] [32m[1mLinking CXX executable simple_bridge_1_to_2[0m
[  1%] Built target simple_bridge_1_to_2
[  2%] [32m[1mLinking CXX executable simple_bridge_2_to_1[0m
[  2%] Built target simple_bridge_2_to_1
[  2%] [32m[1mLinking CXX executable simple_bridge[0m
[  2%] Built target simple_bridge
