[0.094s] Invoking command in '/home/davood/ros2_ws/build/turtlebot3_description': CMAKE_PREFIX_PATH=/opt/ros/foxy:${CMAKE_PREFIX_PATH} CONDA_PROMPT_MODIFIER=(base) /usr/bin/cmake /home/davood/ros2_ws/src/turtlebot3/turtlebot3_description -DCMAKE_INSTALL_PREFIX=/home/davood/ros2_ws/install/turtlebot3_description
[1.661s] -- The C compiler identification is GNU 9.3.0
[1.663s] -- The CXX compiler identification is GNU 9.3.0
[1.663s] -- Check for working C compiler: /usr/bin/cc
[1.664s] -- Check for working C compiler: /usr/bin/cc -- works
[1.666s] -- Detecting C compiler ABI info
[1.667s] -- Detecting C compiler ABI info - done
[1.667s] -- Detecting C compile features
[1.667s] -- Detecting C compile features - done
[1.668s] -- Check for working CXX compiler: /usr/bin/c++
[1.670s] -- Check for working CXX compiler: /usr/bin/c++ -- works
[1.671s] -- Detecting CXX compiler ABI info
[1.671s] -- Detecting CXX compiler ABI info - done
[1.674s] -- Detecting CXX compile features
[1.675s] -- Detecting CXX compile features - done
[1.676s] -- Found ament_cmake: 0.9.8 (/opt/ros/foxy/share/ament_cmake/cmake)
[1.679s] -- Found PythonInterp: /home/davood/anaconda3/bin/python3 (found suitable version "3.8.5", minimum required is "3") 
[1.680s] -- Using PYTHON_EXECUTABLE: /home/davood/anaconda3/bin/python3
[1.930s] -- Found urdf: 2.4.0 (/opt/ros/foxy/share/urdf/cmake)
[2.093s] Traceback (most recent call last):
[2.093s]   File "/opt/ros/foxy/share/ament_cmake_core/cmake/core/package_xml_2_cmake.py", line 21, in <module>
[2.094s]     from catkin_pkg.package import parse_package_string
[2.094s] ModuleNotFoundError: No module named 'catkin_pkg'
[2.101s] CMake Error at /opt/ros/foxy/share/ament_cmake_core/cmake/core/ament_package_xml.cmake:94 (message):
[2.101s]   execute_process(/home/davood/anaconda3/bin/python3
[2.101s]   /opt/ros/foxy/share/ament_cmake_core/cmake/core/package_xml_2_cmake.py
[2.101s]   /home/davood/ros2_ws/src/turtlebot3/turtlebot3_description/package.xml
[2.102s]   /home/davood/ros2_ws/build/turtlebot3_description/ament_cmake_core/package.cmake)
[2.102s]   returned error code 1
[2.102s] Call Stack (most recent call first):
[2.102s]   /opt/ros/foxy/share/ament_cmake_core/cmake/core/ament_package_xml.cmake:49 (_ament_package_xml)
[2.103s]   /opt/ros/foxy/share/ament_cmake_core/cmake/core/ament_package.cmake:63 (ament_package_xml)
[2.103s]   CMakeLists.txt:31 (ament_package)
[2.103s] 
[2.103s] 
[2.104s] -- Configuring incomplete, errors occurred!
[2.104s] See also "/home/davood/ros2_ws/build/turtlebot3_description/CMakeFiles/CMakeOutput.log".
