[0.446s] Invoking command in '/home/davood/ros2_ws/src/my_package': CONDA_PROMPT_MODIFIER=(base) PYTHONPATH=/home/davood/ros2_ws/install/my_package/lib/python3.8/site-packages:${PYTHONPATH} /usr/bin/python3 setup.py egg_info --egg-base ../../build/my_package build --build-base /home/davood/ros2_ws/build/my_package/build install --prefix /home/davood/ros2_ws/install/my_package --record /home/davood/ros2_ws/build/my_package/install.log --single-version-externally-managed
[0.901s] running egg_info
[0.902s] writing ../../build/my_package/my_package.egg-info/PKG-INFO
[0.903s] writing dependency_links to ../../build/my_package/my_package.egg-info/dependency_links.txt
[0.903s] writing entry points to ../../build/my_package/my_package.egg-info/entry_points.txt
[0.903s] writing requirements to ../../build/my_package/my_package.egg-info/requires.txt
[0.903s] writing top-level names to ../../build/my_package/my_package.egg-info/top_level.txt
[0.966s] reading manifest file '../../build/my_package/my_package.egg-info/SOURCES.txt'
[0.967s] writing manifest file '../../build/my_package/my_package.egg-info/SOURCES.txt'
[0.967s] running build
[0.967s] running build_py
[0.968s] running install
[0.969s] running install_lib
[0.971s] running install_data
[0.971s] running install_egg_info
[0.974s] removing '/home/davood/ros2_ws/install/my_package/lib/python3.8/site-packages/my_package-0.0.0-py3.8.egg-info' (and everything under it)
[0.974s] Copying ../../build/my_package/my_package.egg-info to /home/davood/ros2_ws/install/my_package/lib/python3.8/site-packages/my_package-0.0.0-py3.8.egg-info
[0.976s] running install_scripts
[1.001s] Installing simple script to /home/davood/ros2_ws/install/my_package/lib/my_package
[1.001s] writing list of installed files to '/home/davood/ros2_ws/build/my_package/install.log'
[1.038s] Invoked command in '/home/davood/ros2_ws/src/my_package' returned '0': CONDA_PROMPT_MODIFIER=(base) PYTHONPATH=/home/davood/ros2_ws/install/my_package/lib/python3.8/site-packages:${PYTHONPATH} /usr/bin/python3 setup.py egg_info --egg-base ../../build/my_package build --build-base /home/davood/ros2_ws/build/my_package/build install --prefix /home/davood/ros2_ws/install/my_package --record /home/davood/ros2_ws/build/my_package/install.log --single-version-externally-managed
