[0.965s] Invoking command in '/home/davood/ros2_ws/src/my_package': CONDA_PROMPT_MODIFIER=(base) PYTHONPATH=/home/davood/ros2_ws/install/my_package/lib/python3.8/site-packages:${PYTHONPATH} /usr/bin/python3 setup.py egg_info --egg-base ../../build/my_package build --build-base /home/davood/ros2_ws/build/my_package/build install --prefix /home/davood/ros2_ws/install/my_package --record /home/davood/ros2_ws/build/my_package/install.log --single-version-externally-managed
[1.387s] running egg_info
[1.388s] writing ../../build/my_package/my_package.egg-info/PKG-INFO
[1.388s] writing dependency_links to ../../build/my_package/my_package.egg-info/dependency_links.txt
[1.389s] writing entry points to ../../build/my_package/my_package.egg-info/entry_points.txt
[1.389s] writing requirements to ../../build/my_package/my_package.egg-info/requires.txt
[1.389s] writing top-level names to ../../build/my_package/my_package.egg-info/top_level.txt
[1.450s] reading manifest file '../../build/my_package/my_package.egg-info/SOURCES.txt'
[1.451s] writing manifest file '../../build/my_package/my_package.egg-info/SOURCES.txt'
[1.451s] running build
[1.451s] running build_py
[1.452s] running install
[1.453s] running install_lib
[1.455s] running install_data
[1.456s] running install_egg_info
[1.458s] removing '/home/davood/ros2_ws/install/my_package/lib/python3.8/site-packages/my_package-0.0.0-py3.8.egg-info' (and everything under it)
[1.459s] Copying ../../build/my_package/my_package.egg-info to /home/davood/ros2_ws/install/my_package/lib/python3.8/site-packages/my_package-0.0.0-py3.8.egg-info
[1.461s] running install_scripts
[1.486s] Installing simple script to /home/davood/ros2_ws/install/my_package/lib/my_package
[1.486s] writing list of installed files to '/home/davood/ros2_ws/build/my_package/install.log'
[1.545s] Invoked command in '/home/davood/ros2_ws/src/my_package' returned '0': CONDA_PROMPT_MODIFIER=(base) PYTHONPATH=/home/davood/ros2_ws/install/my_package/lib/python3.8/site-packages:${PYTHONPATH} /usr/bin/python3 setup.py egg_info --egg-base ../../build/my_package build --build-base /home/davood/ros2_ws/build/my_package/build install --prefix /home/davood/ros2_ws/install/my_package --record /home/davood/ros2_ws/build/my_package/install.log --single-version-externally-managed
