[0.017s] Invoking command in '/home/davood/ros2_ws/build/turtlebot3_navigation2': CMAKE_PREFIX_PATH=/opt/ros/foxy:${CMAKE_PREFIX_PATH} CONDA_PROMPT_MODIFIER=(base) /usr/bin/cmake /home/davood/ros2_ws/src/turtlebot3/turtlebot3_navigation2 -DCMAKE_INSTALL_PREFIX=/home/davood/ros2_ws/install/turtlebot3_navigation2
[0.044s] -- Found ament_cmake: 0.9.8 (/opt/ros/foxy/share/ament_cmake/cmake)
[0.078s] -- Using PYTHON_EXECUTABLE: /home/davood/anaconda3/bin/python3
[0.521s] Traceback (most recent call last):
[0.521s]   File "/opt/ros/foxy/share/ament_cmake_core/cmake/core/package_xml_2_cmake.py", line 21, in <module>
[0.521s]     from catkin_pkg.package import parse_package_string
[0.521s] ModuleNotFoundError: No module named 'catkin_pkg'
[0.526s] CMake Error at /opt/ros/foxy/share/ament_cmake_core/cmake/core/ament_package_xml.cmake:94 (message):
[0.526s]   execute_process(/home/davood/anaconda3/bin/python3
[0.527s]   /opt/ros/foxy/share/ament_cmake_core/cmake/core/package_xml_2_cmake.py
[0.527s]   /home/davood/ros2_ws/src/turtlebot3/turtlebot3_navigation2/package.xml
[0.528s]   /home/davood/ros2_ws/build/turtlebot3_navigation2/ament_cmake_core/package.cmake)
[0.528s]   returned error code 1
[0.529s] Call Stack (most recent call first):
[0.529s]   /opt/ros/foxy/share/ament_cmake_core/cmake/core/ament_package_xml.cmake:49 (_ament_package_xml)
[0.530s]   /opt/ros/foxy/share/ament_cmake_core/cmake/core/ament_package.cmake:63 (ament_package_xml)
[0.530s]   CMakeLists.txt:23 (ament_package)
[0.530s] 
[0.531s] 
[0.531s] -- Configuring incomplete, errors occurred!
[0.531s] See also "/home/davood/ros2_ws/build/turtlebot3_navigation2/CMakeFiles/CMakeOutput.log".
[0.534s] Invoked command in '/home/davood/ros2_ws/build/turtlebot3_navigation2' returned '1': CMAKE_PREFIX_PATH=/opt/ros/foxy:${CMAKE_PREFIX_PATH} CONDA_PROMPT_MODIFIER=(base) /usr/bin/cmake /home/davood/ros2_ws/src/turtlebot3/turtlebot3_navigation2 -DCMAKE_INSTALL_PREFIX=/home/davood/ros2_ws/install/turtlebot3_navigation2
