[0.997s] Invoking command in '/home/davood/ros2_ws/src/my_package': CONDA_PROMPT_MODIFIER=(base) PYTHONPATH=/home/davood/ros2_ws/install/my_package/lib/python3.8/site-packages:${PYTHONPATH} /usr/bin/python3 setup.py egg_info --egg-base ../../build/my_package build --build-base /home/davood/ros2_ws/build/my_package/build install --prefix /home/davood/ros2_ws/install/my_package --record /home/davood/ros2_ws/build/my_package/install.log --single-version-externally-managed
[1.437s] running egg_info
[1.438s] writing ../../build/my_package/my_package.egg-info/PKG-INFO
[1.438s] writing dependency_links to ../../build/my_package/my_package.egg-info/dependency_links.txt
[1.439s] writing entry points to ../../build/my_package/my_package.egg-info/entry_points.txt
[1.439s] writing requirements to ../../build/my_package/my_package.egg-info/requires.txt
[1.439s] writing top-level names to ../../build/my_package/my_package.egg-info/top_level.txt
[1.498s] reading manifest file '../../build/my_package/my_package.egg-info/SOURCES.txt'
[1.499s] writing manifest file '../../build/my_package/my_package.egg-info/SOURCES.txt'
[1.499s] running build
[1.499s] running build_py
[1.500s] running install
[1.501s] running install_lib
[1.503s] running install_data
[1.503s] running install_egg_info
[1.506s] removing '/home/davood/ros2_ws/install/my_package/lib/python3.8/site-packages/my_package-0.0.0-py3.8.egg-info' (and everything under it)
[1.506s] Copying ../../build/my_package/my_package.egg-info to /home/davood/ros2_ws/install/my_package/lib/python3.8/site-packages/my_package-0.0.0-py3.8.egg-info
[1.508s] running install_scripts
[1.538s] Installing simple script to /home/davood/ros2_ws/install/my_package/lib/my_package
[1.539s] writing list of installed files to '/home/davood/ros2_ws/build/my_package/install.log'
[1.580s] Invoked command in '/home/davood/ros2_ws/src/my_package' returned '0': CONDA_PROMPT_MODIFIER=(base) PYTHONPATH=/home/davood/ros2_ws/install/my_package/lib/python3.8/site-packages:${PYTHONPATH} /usr/bin/python3 setup.py egg_info --egg-base ../../build/my_package build --build-base /home/davood/ros2_ws/build/my_package/build install --prefix /home/davood/ros2_ws/install/my_package --record /home/davood/ros2_ws/build/my_package/install.log --single-version-externally-managed
