[0.110s] Invoking command in '/home/davood/ros2_ws/build/turtlebot3_node': CMAKE_PREFIX_PATH=/home/davood/ros2_ws/install/my_package:/opt/ros/foxy:${CMAKE_PREFIX_PATH} CONDA_PROMPT_MODIFIER=(base) /usr/bin/cmake /home/davood/ros2_ws/src/turtlebot3/turtlebot3_node -DCMAKE_INSTALL_PREFIX=/home/davood/ros2_ws/install/turtlebot3_node
[2.054s] -- Found ament_cmake: 0.9.8 (/opt/ros/foxy/share/ament_cmake/cmake)
[2.054s] -- Using PYTHON_EXECUTABLE: /home/davood/anaconda3/bin/python3
[2.058s] -- Configuring incomplete, errors occurred!
[2.058s] See also "/home/davood/ros2_ws/build/turtlebot3_node/CMakeFiles/CMakeOutput.log".
[2.060s] See also "/home/davood/ros2_ws/build/turtlebot3_node/CMakeFiles/CMakeError.log".
[2.060s] CMake Error at CMakeLists.txt:19 (find_package):
[2.061s]   By not providing "Finddynamixel_sdk.cmake" in CMAKE_MODULE_PATH this
[2.061s]   project has asked CMake to find a package configuration file provided by
[2.062s]   "dynamixel_sdk", but CMake did not find one.
[2.064s] 
[2.065s]   Could not find a package configuration file provided by "dynamixel_sdk"
[2.066s]   with any of the following names:
[2.067s] 
[2.069s]     dynamixel_sdkConfig.cmake
[2.070s]     dynamixel_sdk-config.cmake
[2.071s] 
[2.074s]   Add the installation prefix of "dynamixel_sdk" to CMAKE_PREFIX_PATH or set
[2.076s]   "dynamixel_sdk_DIR" to a directory containing one of the above files.  If
[2.077s]   "dynamixel_sdk" provides a separate development package or SDK, be sure it
[2.079s]   has been installed.
[2.080s] 
[2.084s] 
[2.086s] Invoked command in '/home/davood/ros2_ws/build/turtlebot3_node' returned '1': CMAKE_PREFIX_PATH=/home/davood/ros2_ws/install/my_package:/opt/ros/foxy:${CMAKE_PREFIX_PATH} CONDA_PROMPT_MODIFIER=(base) /usr/bin/cmake /home/davood/ros2_ws/src/turtlebot3/turtlebot3_node -DCMAKE_INSTALL_PREFIX=/home/davood/ros2_ws/install/turtlebot3_node
