[0.545s] DEBUG:colcon:Command line arguments: ['/usr/bin/colcon', 'build', '--packages-select', 'ros1_bridge', '--cmake-force-configure', '--cmake-args', '-DBUILD_TESTING=FALSE']
[0.545s] DEBUG:colcon:Parsed command line arguments: Namespace(ament_cmake_args=None, base_paths=['.'], build_base='build', catkin_cmake_args=None, catkin_skip_building_tests=False, cmake_args=['-DBUILD_TESTING=FALSE'], cmake_clean_cache=False, cmake_clean_first=False, cmake_force_configure=True, cmake_target=None, cmake_target_skip_unavailable=False, continue_on_error=False, event_handlers=None, executor='parallel', ignore_user_meta=False, install_base='install', log_base=None, log_level=None, main=<bound method BuildVerb.main of <colcon_core.verb.build.BuildVerb object at 0x7f03a0d47700>>, merge_install=False, metas=['./colcon.meta'], packages_above=None, packages_above_and_dependencies=None, packages_above_depth=None, packages_end=None, packages_ignore=None, packages_ignore_regex=None, packages_select=['ros1_bridge'], packages_select_build_failed=False, packages_select_by_dep=None, packages_select_regex=None, packages_select_test_failures=False, packages_skip=None, packages_skip_build_finished=False, packages_skip_by_dep=None, packages_skip_regex=None, packages_skip_test_passed=False, packages_skip_up_to=None, packages_start=None, packages_up_to=None, packages_up_to_regex=None, parallel_workers=8, paths=None, symlink_install=False, test_result_base=None, verb_extension=<colcon_core.verb.build.BuildVerb object at 0x7f03a0d47700>, verb_name='build', verb_parser=<colcon_defaults.argument_parser.defaults.DefaultArgumentsDecorator object at 0x7f03a0d47c40>)
[0.553s] Level 1:colcon.colcon_core.package_discovery:discover_packages(colcon_meta) check parameters
[0.553s] Level 1:colcon.colcon_core.package_discovery:discover_packages(recursive) check parameters
[0.553s] Level 1:colcon.colcon_core.package_discovery:discover_packages(ignore) check parameters
[0.553s] Level 1:colcon.colcon_core.package_discovery:discover_packages(path) check parameters
[0.553s] Level 1:colcon.colcon_core.package_discovery:discover_packages(colcon_meta) discover
[0.553s] Level 1:colcon.colcon_core.package_discovery:discover_packages(recursive) discover
[0.553s] INFO:colcon.colcon_core.package_discovery:Crawling recursively for packages in '/home/davood/ros2_ws'
[0.553s] Level 1:colcon.colcon_core.package_identification:_identify(.) by extensions ['ignore', 'ignore_ament_install']
[0.553s] Level 1:colcon.colcon_core.package_identification:_identify(.) by extension 'ignore'
[0.554s] Level 1:colcon.colcon_core.package_identification:_identify(.) by extension 'ignore_ament_install'
[0.554s] Level 1:colcon.colcon_core.package_identification:_identify(.) by extensions ['colcon_pkg']
[0.554s] Level 1:colcon.colcon_core.package_identification:_identify(.) by extension 'colcon_pkg'
[0.554s] Level 1:colcon.colcon_core.package_identification:_identify(.) by extensions ['colcon_meta']
[0.554s] Level 1:colcon.colcon_core.package_identification:_identify(.) by extension 'colcon_meta'
[0.554s] Level 1:colcon.colcon_core.package_identification:_identify(.) by extensions ['ros']
[0.554s] Level 1:colcon.colcon_core.package_identification:_identify(.) by extension 'ros'
[0.571s] Level 1:colcon.colcon_core.package_identification:_identify(.) by extensions ['cmake', 'python']
[0.571s] Level 1:colcon.colcon_core.package_identification:_identify(.) by extension 'cmake'
[0.571s] Level 1:colcon.colcon_core.package_identification:_identify(.) by extension 'python'
[0.571s] Level 1:colcon.colcon_core.package_identification:_identify(.) by extensions ['python_setup_py']
[0.571s] Level 1:colcon.colcon_core.package_identification:_identify(.) by extension 'python_setup_py'
[0.571s] Level 1:colcon.colcon_core.package_identification:_identify(build) by extensions ['ignore', 'ignore_ament_install']
[0.571s] Level 1:colcon.colcon_core.package_identification:_identify(build) by extension 'ignore'
[0.572s] Level 1:colcon.colcon_core.package_identification:_identify(build) ignored
[0.572s] Level 1:colcon.colcon_core.package_identification:_identify(install) by extensions ['ignore', 'ignore_ament_install']
[0.572s] Level 1:colcon.colcon_core.package_identification:_identify(install) by extension 'ignore'
[0.572s] Level 1:colcon.colcon_core.package_identification:_identify(install) ignored
[0.572s] Level 1:colcon.colcon_core.package_identification:_identify(log) by extensions ['ignore', 'ignore_ament_install']
[0.572s] Level 1:colcon.colcon_core.package_identification:_identify(log) by extension 'ignore'
[0.572s] Level 1:colcon.colcon_core.package_identification:_identify(log) ignored
[0.572s] Level 1:colcon.colcon_core.package_identification:_identify(src) by extensions ['ignore', 'ignore_ament_install']
[0.573s] Level 1:colcon.colcon_core.package_identification:_identify(src) by extension 'ignore'
[0.573s] Level 1:colcon.colcon_core.package_identification:_identify(src) by extension 'ignore_ament_install'
[0.573s] Level 1:colcon.colcon_core.package_identification:_identify(src) by extensions ['colcon_pkg']
[0.573s] Level 1:colcon.colcon_core.package_identification:_identify(src) by extension 'colcon_pkg'
[0.573s] Level 1:colcon.colcon_core.package_identification:_identify(src) by extensions ['colcon_meta']
[0.573s] Level 1:colcon.colcon_core.package_identification:_identify(src) by extension 'colcon_meta'
[0.573s] Level 1:colcon.colcon_core.package_identification:_identify(src) by extensions ['ros']
[0.573s] Level 1:colcon.colcon_core.package_identification:_identify(src) by extension 'ros'
[0.573s] Level 1:colcon.colcon_core.package_identification:_identify(src) by extensions ['cmake', 'python']
[0.573s] Level 1:colcon.colcon_core.package_identification:_identify(src) by extension 'cmake'
[0.573s] Level 1:colcon.colcon_core.package_identification:_identify(src) by extension 'python'
[0.573s] Level 1:colcon.colcon_core.package_identification:_identify(src) by extensions ['python_setup_py']
[0.573s] Level 1:colcon.colcon_core.package_identification:_identify(src) by extension 'python_setup_py'
[0.574s] Level 1:colcon.colcon_core.package_identification:_identify(src/my_package) by extensions ['ignore', 'ignore_ament_install']
[0.574s] Level 1:colcon.colcon_core.package_identification:_identify(src/my_package) by extension 'ignore'
[0.574s] Level 1:colcon.colcon_core.package_identification:_identify(src/my_package) by extension 'ignore_ament_install'
[0.574s] Level 1:colcon.colcon_core.package_identification:_identify(src/my_package) by extensions ['colcon_pkg']
[0.574s] Level 1:colcon.colcon_core.package_identification:_identify(src/my_package) by extension 'colcon_pkg'
[0.574s] Level 1:colcon.colcon_core.package_identification:_identify(src/my_package) by extensions ['colcon_meta']
[0.574s] Level 1:colcon.colcon_core.package_identification:_identify(src/my_package) by extension 'colcon_meta'
[0.574s] Level 1:colcon.colcon_core.package_identification:_identify(src/my_package) by extensions ['ros']
[0.574s] Level 1:colcon.colcon_core.package_identification:_identify(src/my_package) by extension 'ros'
[0.578s] DEBUG:colcon.colcon_core.package_identification:Package 'src/my_package' with type 'ros.ament_python' and name 'my_package'
[0.578s] Level 1:colcon.colcon_core.package_identification:_identify(src/pkg1) by extensions ['ignore', 'ignore_ament_install']
[0.578s] Level 1:colcon.colcon_core.package_identification:_identify(src/pkg1) by extension 'ignore'
[0.578s] Level 1:colcon.colcon_core.package_identification:_identify(src/pkg1) by extension 'ignore_ament_install'
[0.578s] Level 1:colcon.colcon_core.package_identification:_identify(src/pkg1) by extensions ['colcon_pkg']
[0.578s] Level 1:colcon.colcon_core.package_identification:_identify(src/pkg1) by extension 'colcon_pkg'
[0.578s] Level 1:colcon.colcon_core.package_identification:_identify(src/pkg1) by extensions ['colcon_meta']
[0.578s] Level 1:colcon.colcon_core.package_identification:_identify(src/pkg1) by extension 'colcon_meta'
[0.579s] Level 1:colcon.colcon_core.package_identification:_identify(src/pkg1) by extensions ['ros']
[0.579s] Level 1:colcon.colcon_core.package_identification:_identify(src/pkg1) by extension 'ros'
[0.579s] DEBUG:colcon.colcon_core.package_identification:Package 'src/pkg1' with type 'ros.ament_python' and name 'pkg1'
[0.580s] Level 1:colcon.colcon_core.package_identification:_identify(src/pkg2) by extensions ['ignore', 'ignore_ament_install']
[0.580s] Level 1:colcon.colcon_core.package_identification:_identify(src/pkg2) by extension 'ignore'
[0.580s] Level 1:colcon.colcon_core.package_identification:_identify(src/pkg2) by extension 'ignore_ament_install'
[0.580s] Level 1:colcon.colcon_core.package_identification:_identify(src/pkg2) by extensions ['colcon_pkg']
[0.580s] Level 1:colcon.colcon_core.package_identification:_identify(src/pkg2) by extension 'colcon_pkg'
[0.580s] Level 1:colcon.colcon_core.package_identification:_identify(src/pkg2) by extensions ['colcon_meta']
[0.580s] Level 1:colcon.colcon_core.package_identification:_identify(src/pkg2) by extension 'colcon_meta'
[0.580s] Level 1:colcon.colcon_core.package_identification:_identify(src/pkg2) by extensions ['ros']
[0.580s] Level 1:colcon.colcon_core.package_identification:_identify(src/pkg2) by extension 'ros'
[0.581s] DEBUG:colcon.colcon_core.package_identification:Package 'src/pkg2' with type 'ros.ament_cmake' and name 'pkg2'
[0.581s] Level 1:colcon.colcon_core.package_identification:_identify(src/ros1_bridge) by extensions ['ignore', 'ignore_ament_install']
[0.581s] Level 1:colcon.colcon_core.package_identification:_identify(src/ros1_bridge) by extension 'ignore'
[0.581s] Level 1:colcon.colcon_core.package_identification:_identify(src/ros1_bridge) by extension 'ignore_ament_install'
[0.581s] Level 1:colcon.colcon_core.package_identification:_identify(src/ros1_bridge) by extensions ['colcon_pkg']
[0.581s] Level 1:colcon.colcon_core.package_identification:_identify(src/ros1_bridge) by extension 'colcon_pkg'
[0.582s] Level 1:colcon.colcon_core.package_identification:_identify(src/ros1_bridge) by extensions ['colcon_meta']
[0.582s] Level 1:colcon.colcon_core.package_identification:_identify(src/ros1_bridge) by extension 'colcon_meta'
[0.582s] Level 1:colcon.colcon_core.package_identification:_identify(src/ros1_bridge) by extensions ['ros']
[0.582s] Level 1:colcon.colcon_core.package_identification:_identify(src/ros1_bridge) by extension 'ros'
[0.583s] DEBUG:colcon.colcon_core.package_identification:Package 'src/ros1_bridge' with type 'ros.ament_cmake' and name 'ros1_bridge'
[0.583s] Level 1:colcon.colcon_core.package_discovery:discover_packages(recursive) using defaults
[0.583s] Level 1:colcon.colcon_core.package_discovery:discover_packages(ignore) discover
[0.583s] Level 1:colcon.colcon_core.package_discovery:discover_packages(ignore) using defaults
[0.583s] Level 1:colcon.colcon_core.package_discovery:discover_packages(path) discover
[0.583s] Level 1:colcon.colcon_core.package_discovery:discover_packages(path) using defaults
[0.608s] INFO:colcon.colcon_core.package_selection:Skipping not selected package 'my_package' in 'src/my_package'
[0.608s] INFO:colcon.colcon_core.package_selection:Skipping not selected package 'pkg1' in 'src/pkg1'
[0.608s] INFO:colcon.colcon_core.package_selection:Skipping not selected package 'pkg2' in 'src/pkg2'
[0.612s] Level 5:colcon.colcon_core.verb:set package 'ros1_bridge' build argument 'cmake_args' from command line to '['-DBUILD_TESTING=FALSE']'
[0.612s] Level 5:colcon.colcon_core.verb:set package 'ros1_bridge' build argument 'cmake_target' from command line to 'None'
[0.612s] Level 5:colcon.colcon_core.verb:set package 'ros1_bridge' build argument 'cmake_target_skip_unavailable' from command line to 'False'
[0.612s] Level 5:colcon.colcon_core.verb:set package 'ros1_bridge' build argument 'cmake_clean_cache' from command line to 'False'
[0.612s] Level 5:colcon.colcon_core.verb:set package 'ros1_bridge' build argument 'cmake_clean_first' from command line to 'False'
[0.612s] Level 5:colcon.colcon_core.verb:set package 'ros1_bridge' build argument 'cmake_force_configure' from command line to 'True'
[0.613s] Level 5:colcon.colcon_core.verb:set package 'ros1_bridge' build argument 'ament_cmake_args' from command line to 'None'
[0.613s] Level 5:colcon.colcon_core.verb:set package 'ros1_bridge' build argument 'catkin_cmake_args' from command line to 'None'
[0.613s] Level 5:colcon.colcon_core.verb:set package 'ros1_bridge' build argument 'catkin_skip_building_tests' from command line to 'False'
[0.613s] DEBUG:colcon.colcon_core.verb:Building package 'ros1_bridge' with the following arguments: {'ament_cmake_args': None, 'build_base': '/home/davood/ros2_ws/build/ros1_bridge', 'catkin_cmake_args': None, 'catkin_skip_building_tests': False, 'cmake_args': ['-DBUILD_TESTING=FALSE'], 'cmake_clean_cache': False, 'cmake_clean_first': False, 'cmake_force_configure': True, 'cmake_target': None, 'cmake_target_skip_unavailable': False, 'install_base': '/home/davood/ros2_ws/install/ros1_bridge', 'merge_install': False, 'path': '/home/davood/ros2_ws/src/ros1_bridge', 'symlink_install': False, 'test_result_base': None}
[0.613s] INFO:colcon.colcon_core.executor:Executing jobs using 'parallel' executor
[0.618s] DEBUG:colcon.colcon_parallel_executor.executor.parallel:run_until_complete
[0.618s] INFO:colcon.colcon_ros.task.ament_cmake.build:Building ROS package in '/home/davood/ros2_ws/src/ros1_bridge' with build type 'ament_cmake'
[0.618s] INFO:colcon.colcon_cmake.task.cmake.build:Building CMake package in '/home/davood/ros2_ws/src/ros1_bridge'
[0.625s] INFO:colcon.colcon_core.plugin_system:Skipping extension 'colcon_core.shell.bat': Not used on non-Windows systems
[0.625s] INFO:colcon.colcon_core.shell:Skip shell extension 'powershell' for command environment: Not usable outside of PowerShell
[0.625s] DEBUG:colcon.colcon_core.shell:Skip shell extension 'dsv' for command environment
[0.630s] DEBUG:colcon.colcon_core.shell:Ignoring prefix path '/opt/ros/foxy'
[0.631s] DEBUG:colcon.colcon_core.shell:Ignoring prefix path '/opt/ros/noetic'
[0.644s] DEBUG:colcon.colcon_core.event_handler.log_command:Invoking command in '/home/davood/ros2_ws/build/ros1_bridge': CMAKE_PREFIX_PATH=/home/davood/ros2_ws/install/pkg2:/home/davood/ros2_ws/install/turtlebot3_cartographer:/home/davood/ros2_ws/install/pkg1:/home/davood/ros2_ws/install/my_package:/opt/ros/foxy:/opt/ros/noetic CONDA_PROMPT_MODIFIER=(base) /usr/bin/cmake /home/davood/ros2_ws/src/ros1_bridge -DBUILD_TESTING=FALSE -DCMAKE_INSTALL_PREFIX=/home/davood/ros2_ws/install/ros1_bridge
[13.500s] DEBUG:colcon.colcon_core.event_handler.log_command:Invoked command in '/home/davood/ros2_ws/build/ros1_bridge' returned '0': CMAKE_PREFIX_PATH=/home/davood/ros2_ws/install/pkg2:/home/davood/ros2_ws/install/turtlebot3_cartographer:/home/davood/ros2_ws/install/pkg1:/home/davood/ros2_ws/install/my_package:/opt/ros/foxy:/opt/ros/noetic CONDA_PROMPT_MODIFIER=(base) /usr/bin/cmake /home/davood/ros2_ws/src/ros1_bridge -DBUILD_TESTING=FALSE -DCMAKE_INSTALL_PREFIX=/home/davood/ros2_ws/install/ros1_bridge
[13.511s] DEBUG:colcon.colcon_core.event_handler.log_command:Invoking command in '/home/davood/ros2_ws/build/ros1_bridge': CMAKE_PREFIX_PATH=/home/davood/ros2_ws/install/pkg2:/home/davood/ros2_ws/install/turtlebot3_cartographer:/home/davood/ros2_ws/install/pkg1:/home/davood/ros2_ws/install/my_package:/opt/ros/foxy:/opt/ros/noetic CONDA_PROMPT_MODIFIER=(base) /usr/bin/cmake --build /home/davood/ros2_ws/build/ros1_bridge -- -j8 -l8
[25.619s] DEBUG:colcon.colcon_core.event_handler.log_command:Invoked command in '/home/davood/ros2_ws/build/ros1_bridge' returned '2': CMAKE_PREFIX_PATH=/home/davood/ros2_ws/install/pkg2:/home/davood/ros2_ws/install/turtlebot3_cartographer:/home/davood/ros2_ws/install/pkg1:/home/davood/ros2_ws/install/my_package:/opt/ros/foxy:/opt/ros/noetic CONDA_PROMPT_MODIFIER=(base) /usr/bin/cmake --build /home/davood/ros2_ws/build/ros1_bridge -- -j8 -l8
[26.333s] Level 1:colcon.colcon_core.environment:create_environment_scripts_only(ros1_bridge)
[26.341s] Level 1:colcon.colcon_core.environment:checking '/home/davood/ros2_ws/install/ros1_bridge' for CMake module files
[26.342s] Level 1:colcon.colcon_core.environment:checking '/home/davood/ros2_ws/install/ros1_bridge' for CMake config files
[26.343s] Level 1:colcon.colcon_core.environment:checking '/home/davood/ros2_ws/install/ros1_bridge/bin'
[26.343s] Level 1:colcon.colcon_core.environment:checking '/home/davood/ros2_ws/install/ros1_bridge/lib/pkgconfig/ros1_bridge.pc'
[26.343s] Level 1:colcon.colcon_core.environment:checking '/home/davood/ros2_ws/install/ros1_bridge/lib/python3.8/site-packages'
[26.344s] INFO:colcon.colcon_core.shell:Creating package script '/home/davood/ros2_ws/install/ros1_bridge/share/ros1_bridge/package.ps1'
[26.345s] INFO:colcon.colcon_core.shell:Creating package descriptor '/home/davood/ros2_ws/install/ros1_bridge/share/ros1_bridge/package.dsv'
[26.346s] INFO:colcon.colcon_core.shell:Creating package script '/home/davood/ros2_ws/install/ros1_bridge/share/ros1_bridge/package.sh'
[26.347s] INFO:colcon.colcon_core.shell:Creating package script '/home/davood/ros2_ws/install/ros1_bridge/share/ros1_bridge/package.bash'
[26.348s] INFO:colcon.colcon_core.shell:Creating package script '/home/davood/ros2_ws/install/ros1_bridge/share/ros1_bridge/package.zsh'
[26.349s] Level 1:colcon.colcon_core.environment:create_file_with_runtime_dependencies(/home/davood/ros2_ws/install/ros1_bridge/share/colcon-core/packages/ros1_bridge)
[26.360s] DEBUG:colcon.colcon_parallel_executor.executor.parallel:closing loop
[26.360s] DEBUG:colcon.colcon_parallel_executor.executor.parallel:loop closed
[26.361s] DEBUG:colcon.colcon_parallel_executor.executor.parallel:run_until_complete finished with '2'
[26.361s] DEBUG:colcon.colcon_core.event_reactor:joining thread
[26.375s] INFO:colcon.colcon_core.plugin_system:Skipping extension 'colcon_notification.desktop_notification.terminal_notifier': Not used on non-Darwin systems
[26.375s] INFO:colcon.colcon_core.plugin_system:Skipping extension 'colcon_notification.desktop_notification.win32': Not used on non-Windows systems
[26.375s] INFO:colcon.colcon_notification.desktop_notification:Sending desktop notification using 'notify2'
[26.392s] DEBUG:colcon.colcon_core.event_reactor:joined thread
[26.393s] INFO:colcon.colcon_core.shell:Creating prefix script '/home/davood/ros2_ws/install/local_setup.ps1'
[26.394s] INFO:colcon.colcon_core.shell:Creating prefix util module '/home/davood/ros2_ws/install/_local_setup_util_ps1.py'
[26.396s] INFO:colcon.colcon_core.shell:Creating prefix chain script '/home/davood/ros2_ws/install/setup.ps1'
[26.400s] INFO:colcon.colcon_core.shell:Creating prefix script '/home/davood/ros2_ws/install/local_setup.sh'
[26.401s] INFO:colcon.colcon_core.shell:Creating prefix util module '/home/davood/ros2_ws/install/_local_setup_util_sh.py'
[26.402s] INFO:colcon.colcon_core.shell:Creating prefix chain script '/home/davood/ros2_ws/install/setup.sh'
[26.406s] INFO:colcon.colcon_core.shell:Creating prefix script '/home/davood/ros2_ws/install/local_setup.bash'
[26.407s] INFO:colcon.colcon_core.shell:Creating prefix chain script '/home/davood/ros2_ws/install/setup.bash'
[26.410s] INFO:colcon.colcon_core.shell:Creating prefix script '/home/davood/ros2_ws/install/local_setup.zsh'
[26.411s] INFO:colcon.colcon_core.shell:Creating prefix chain script '/home/davood/ros2_ws/install/setup.zsh'
