[2.102s] Invoking command in '/home/davood/ros2_ws/src/turtlebot3/turtlebot3_example': CONDA_PROMPT_MODIFIER=(base) PYTHONPATH=/home/davood/ros2_ws/install/turtlebot3_example/lib/python3.8/site-packages:${PYTHONPATH} /usr/bin/python3 setup.py egg_info --egg-base ../../../build/turtlebot3_example build --build-base /home/davood/ros2_ws/build/turtlebot3_example/build install --prefix /home/davood/ros2_ws/install/turtlebot3_example --record /home/davood/ros2_ws/build/turtlebot3_example/install.log --single-version-externally-managed
[2.748s] running egg_info
[2.750s] writing ../../../build/turtlebot3_example/turtlebot3_example.egg-info/PKG-INFO
[2.750s] writing dependency_links to ../../../build/turtlebot3_example/turtlebot3_example.egg-info/dependency_links.txt
[2.751s] writing entry points to ../../../build/turtlebot3_example/turtlebot3_example.egg-info/entry_points.txt
[2.751s] writing requirements to ../../../build/turtlebot3_example/turtlebot3_example.egg-info/requires.txt
[2.751s] writing top-level names to ../../../build/turtlebot3_example/turtlebot3_example.egg-info/top_level.txt
[2.857s] reading manifest file '../../../build/turtlebot3_example/turtlebot3_example.egg-info/SOURCES.txt'
[2.860s] writing manifest file '../../../build/turtlebot3_example/turtlebot3_example.egg-info/SOURCES.txt'
[2.861s] running build
[2.861s] running build_py
[2.872s] running install
[2.872s] running install_lib
[2.872s] running install_data
[2.876s] running install_egg_info
[2.880s] removing '/home/davood/ros2_ws/install/turtlebot3_example/lib/python3.8/site-packages/turtlebot3_example-2.1.2-py3.8.egg-info' (and everything under it)
[2.880s] Copying ../../../build/turtlebot3_example/turtlebot3_example.egg-info to /home/davood/ros2_ws/install/turtlebot3_example/lib/python3.8/site-packages/turtlebot3_example-2.1.2-py3.8.egg-info
[2.884s] running install_scripts
[2.916s] Installing turtlebot3_obstacle_detection script to /home/davood/ros2_ws/install/turtlebot3_example/lib/turtlebot3_example
[2.917s] Installing turtlebot3_patrol_client script to /home/davood/ros2_ws/install/turtlebot3_example/lib/turtlebot3_example
[2.917s] Installing turtlebot3_patrol_server script to /home/davood/ros2_ws/install/turtlebot3_example/lib/turtlebot3_example
[2.917s] Installing turtlebot3_position_control script to /home/davood/ros2_ws/install/turtlebot3_example/lib/turtlebot3_example
[2.918s] writing list of installed files to '/home/davood/ros2_ws/build/turtlebot3_example/install.log'
