[0.926s] Invoking command in '/home/davood/ros2_ws/src/my_package': CONDA_PROMPT_MODIFIER=(base) PYTHONPATH=/home/davood/ros2_ws/install/my_package/lib/python3.8/site-packages:${PYTHONPATH} /usr/bin/python3 setup.py egg_info --egg-base ../../build/my_package build --build-base /home/davood/ros2_ws/build/my_package/build install --prefix /home/davood/ros2_ws/install/my_package --record /home/davood/ros2_ws/build/my_package/install.log --single-version-externally-managed
[1.338s] running egg_info
[1.339s] writing ../../build/my_package/my_package.egg-info/PKG-INFO
[1.339s] writing dependency_links to ../../build/my_package/my_package.egg-info/dependency_links.txt
[1.339s] writing entry points to ../../build/my_package/my_package.egg-info/entry_points.txt
[1.340s] writing requirements to ../../build/my_package/my_package.egg-info/requires.txt
[1.340s] writing top-level names to ../../build/my_package/my_package.egg-info/top_level.txt
[1.400s] reading manifest file '../../build/my_package/my_package.egg-info/SOURCES.txt'
[1.401s] writing manifest file '../../build/my_package/my_package.egg-info/SOURCES.txt'
[1.401s] running build
[1.401s] running build_py
[1.402s] running install
[1.403s] running install_lib
[1.405s] running install_data
[1.406s] running install_egg_info
[1.408s] removing '/home/davood/ros2_ws/install/my_package/lib/python3.8/site-packages/my_package-0.0.0-py3.8.egg-info' (and everything under it)
[1.409s] Copying ../../build/my_package/my_package.egg-info to /home/davood/ros2_ws/install/my_package/lib/python3.8/site-packages/my_package-0.0.0-py3.8.egg-info
[1.410s] running install_scripts
[1.436s] Installing simple script to /home/davood/ros2_ws/install/my_package/lib/my_package
[1.436s] Installing simple_publisher script to /home/davood/ros2_ws/install/my_package/lib/my_package
[1.436s] Installing simple_subscriber script to /home/davood/ros2_ws/install/my_package/lib/my_package
[1.437s] writing list of installed files to '/home/davood/ros2_ws/build/my_package/install.log'
[1.489s] Invoked command in '/home/davood/ros2_ws/src/my_package' returned '0': CONDA_PROMPT_MODIFIER=(base) PYTHONPATH=/home/davood/ros2_ws/install/my_package/lib/python3.8/site-packages:${PYTHONPATH} /usr/bin/python3 setup.py egg_info --egg-base ../../build/my_package build --build-base /home/davood/ros2_ws/build/my_package/build install --prefix /home/davood/ros2_ws/install/my_package --record /home/davood/ros2_ws/build/my_package/install.log --single-version-externally-managed
