[2.058s] Invoking command in '/home/davood/ros2_ws/src/my_package': CONDA_PROMPT_MODIFIER=(base) PYTHONPATH=/home/davood/ros2_ws/install/my_package/lib/python3.8/site-packages:${PYTHONPATH} /usr/bin/python3 setup.py egg_info --egg-base ../../build/my_package build --build-base /home/davood/ros2_ws/build/my_package/build install --prefix /home/davood/ros2_ws/install/my_package --record /home/davood/ros2_ws/build/my_package/install.log --single-version-externally-managed
[2.534s] running egg_info
[2.535s] writing ../../build/my_package/my_package.egg-info/PKG-INFO
[2.536s] writing dependency_links to ../../build/my_package/my_package.egg-info/dependency_links.txt
[2.537s] writing entry points to ../../build/my_package/my_package.egg-info/entry_points.txt
[2.537s] writing requirements to ../../build/my_package/my_package.egg-info/requires.txt
[2.538s] writing top-level names to ../../build/my_package/my_package.egg-info/top_level.txt
[2.602s] reading manifest file '../../build/my_package/my_package.egg-info/SOURCES.txt'
[2.604s] writing manifest file '../../build/my_package/my_package.egg-info/SOURCES.txt'
[2.604s] running build
[2.604s] running build_py
[2.604s] copying my_package/simple.py -> /home/davood/ros2_ws/build/my_package/build/lib/my_package
[2.605s] running install
[2.607s] running install_lib
[2.609s] copying /home/davood/ros2_ws/build/my_package/build/lib/my_package/simple.py -> /home/davood/ros2_ws/install/my_package/lib/python3.8/site-packages/my_package
[2.610s] byte-compiling /home/davood/ros2_ws/install/my_package/lib/python3.8/site-packages/my_package/simple.py to simple.cpython-38.pyc
[2.614s] running install_data
[2.615s] running install_egg_info
[2.619s] removing '/home/davood/ros2_ws/install/my_package/lib/python3.8/site-packages/my_package-0.0.0-py3.8.egg-info' (and everything under it)
[2.620s] Copying ../../build/my_package/my_package.egg-info to /home/davood/ros2_ws/install/my_package/lib/python3.8/site-packages/my_package-0.0.0-py3.8.egg-info
[2.622s] running install_scripts
[2.667s] Installing simple script to /home/davood/ros2_ws/install/my_package/lib/my_package
[2.668s] writing list of installed files to '/home/davood/ros2_ws/build/my_package/install.log'
