[0.080s] Invoking command in '/home/davood/ros2_ws/build/turtlebot3_node': CMAKE_PREFIX_PATH=/opt/ros/foxy:${CMAKE_PREFIX_PATH} CONDA_PROMPT_MODIFIER=(base) /usr/bin/cmake /home/davood/ros2_ws/src/turtlebot3/turtlebot3_node -DCMAKE_INSTALL_PREFIX=/home/davood/ros2_ws/install/turtlebot3_node
[1.655s] -- The C compiler identification is GNU 9.3.0
[1.658s] -- The CXX compiler identification is GNU 9.3.0
[1.658s] -- Check for working C compiler: /usr/bin/cc
[1.659s] -- Check for working C compiler: /usr/bin/cc -- works
[1.659s] -- Detecting C compiler ABI info
[1.659s] -- Detecting C compiler ABI info - done
[1.659s] -- Detecting C compile features
[1.660s] -- Detecting C compile features - done
[1.660s] -- Check for working CXX compiler: /usr/bin/c++
[1.660s] -- Check for working CXX compiler: /usr/bin/c++ -- works
[1.660s] -- Detecting CXX compiler ABI info
[1.661s] -- Detecting CXX compiler ABI info - done
[1.661s] -- Detecting CXX compile features
[1.661s] -- Detecting CXX compile features - done
[1.662s] -- Found ament_cmake: 0.9.8 (/opt/ros/foxy/share/ament_cmake/cmake)
[1.665s] -- Found PythonInterp: /home/davood/anaconda3/bin/python3 (found suitable version "3.8.5", minimum required is "3") 
[1.666s] -- Using PYTHON_EXECUTABLE: /home/davood/anaconda3/bin/python3
[1.902s] -- Found dynamixel_sdk: 3.7.40 (/opt/ros/foxy/share/dynamixel_sdk/cmake)
[1.912s] -- Found geometry_msgs: 2.0.4 (/opt/ros/foxy/share/geometry_msgs/cmake)
[2.006s] -- Using all available rosidl_typesupport_c: rosidl_typesupport_fastrtps_c;rosidl_typesupport_introspection_c
[2.027s] -- Found rosidl_adapter: 1.2.1 (/opt/ros/foxy/share/rosidl_adapter/cmake)
[2.198s] -- Found OpenSSL: /usr/lib/x86_64-linux-gnu/libcrypto.so (found version "1.1.1f")  
[2.250s] -- Found FastRTPS: /opt/ros/foxy/include  
[2.412s] -- Using all available rosidl_typesupport_cpp: rosidl_typesupport_fastrtps_cpp;rosidl_typesupport_introspection_cpp
[2.574s] -- Found message_filters: 3.2.5 (/opt/ros/foxy/share/message_filters/cmake)
[2.581s] -- Found nav_msgs: 2.0.4 (/opt/ros/foxy/share/nav_msgs/cmake)
[2.711s] -- Found rclcpp: 2.3.1 (/opt/ros/foxy/share/rclcpp/cmake)
[2.802s] -- Found rmw_implementation_cmake: 1.0.3 (/opt/ros/foxy/share/rmw_implementation_cmake/cmake)
[2.806s] -- Using RMW implementation 'rmw_fastrtps_cpp' as default
[2.809s] -- Looking for pthread.h
[2.966s] -- Looking for pthread.h - found
[2.967s] -- Performing Test CMAKE_HAVE_LIBC_PTHREAD
[3.127s] -- Performing Test CMAKE_HAVE_LIBC_PTHREAD - Failed
[3.127s] -- Looking for pthread_create in pthreads
[3.257s] -- Looking for pthread_create in pthreads - not found
[3.258s] -- Looking for pthread_create in pthread
[3.403s] -- Looking for pthread_create in pthread - found
[3.407s] -- Found Threads: TRUE  
[3.684s] -- Found sensor_msgs: 2.0.4 (/opt/ros/foxy/share/sensor_msgs/cmake)
[3.816s] -- Found std_srvs: 2.0.4 (/opt/ros/foxy/share/std_srvs/cmake)
[3.846s] -- Found tf2: 0.13.10 (/opt/ros/foxy/share/tf2/cmake)
[3.870s] -- Found tf2_ros: 0.13.10 (/opt/ros/foxy/share/tf2_ros/cmake)
[4.493s] -- Found turtlebot3_msgs: 2.2.1 (/opt/ros/foxy/share/turtlebot3_msgs/cmake)
[4.703s] Traceback (most recent call last):
[4.704s]   File "/opt/ros/foxy/share/ament_cmake_core/cmake/core/package_xml_2_cmake.py", line 21, in <module>
[4.704s]     from catkin_pkg.package import parse_package_string
[4.704s] ModuleNotFoundError: No module named 'catkin_pkg'
[4.709s] CMake Error at /opt/ros/foxy/share/ament_cmake_core/cmake/core/ament_package_xml.cmake:94 (message):
[4.710s]   execute_process(/home/davood/anaconda3/bin/python3
[4.710s]   /opt/ros/foxy/share/ament_cmake_core/cmake/core/package_xml_2_cmake.py
[4.711s]   /home/davood/ros2_ws/src/turtlebot3/turtlebot3_node/package.xml
[4.711s]   /home/davood/ros2_ws/build/turtlebot3_node/ament_cmake_core/package.cmake)
[4.711s]   returned error code 1
[4.712s] Call Stack (most recent call first):
[4.712s]   /opt/ros/foxy/share/ament_cmake_core/cmake/core/ament_package_xml.cmake:49 (_ament_package_xml)
[4.713s]   /opt/ros/foxy/share/ament_cmake_core/cmake/core/ament_package.cmake:63 (ament_package_xml)
[4.713s]   CMakeLists.txt:94 (ament_package)
[4.714s] 
[4.714s] 
[4.718s] -- Configuring incomplete, errors occurred!
[4.718s] See also "/home/davood/ros2_ws/build/turtlebot3_node/CMakeFiles/CMakeOutput.log".
[4.719s] See also "/home/davood/ros2_ws/build/turtlebot3_node/CMakeFiles/CMakeError.log".
