[0.523s] Invoking command in '/home/davood/ros2_ws/build/turtlebot3_navigation2': CMAKE_PREFIX_PATH=/opt/ros/foxy:${CMAKE_PREFIX_PATH} CONDA_PROMPT_MODIFIER=(base) /usr/bin/cmake /home/davood/ros2_ws/src/turtlebot3/turtlebot3_navigation2 -DCMAKE_INSTALL_PREFIX=/home/davood/ros2_ws/install/turtlebot3_navigation2
[1.639s] -- The C compiler identification is GNU 9.3.0
[1.639s] -- The CXX compiler identification is GNU 9.3.0
[1.640s] -- Check for working C compiler: /usr/bin/cc
[1.640s] -- Check for working C compiler: /usr/bin/cc -- works
[1.640s] -- Detecting C compiler ABI info
[1.640s] -- Detecting C compiler ABI info - done
[1.641s] -- Detecting C compile features
[1.641s] -- Detecting C compile features - done
[1.641s] -- Check for working CXX compiler: /usr/bin/c++
[1.641s] -- Check for working CXX compiler: /usr/bin/c++ -- works
[1.642s] -- Detecting CXX compiler ABI info
[1.642s] -- Detecting CXX compiler ABI info - done
[1.642s] -- Detecting CXX compile features
[1.642s] -- Detecting CXX compile features - done
[1.642s] -- Found ament_cmake: 0.9.8 (/opt/ros/foxy/share/ament_cmake/cmake)
[1.643s] -- Found PythonInterp: /home/davood/anaconda3/bin/python3 (found suitable version "3.8.5", minimum required is "3") 
[1.643s] -- Using PYTHON_EXECUTABLE: /home/davood/anaconda3/bin/python3
[1.941s] Traceback (most recent call last):
[1.941s]   File "/opt/ros/foxy/share/ament_cmake_core/cmake/core/package_xml_2_cmake.py", line 21, in <module>
[1.942s]     from catkin_pkg.package import parse_package_string
[1.942s] ModuleNotFoundError: No module named 'catkin_pkg'
[1.949s] CMake Error at /opt/ros/foxy/share/ament_cmake_core/cmake/core/ament_package_xml.cmake:94 (message):
[1.950s]   execute_process(/home/davood/anaconda3/bin/python3
[1.950s]   /opt/ros/foxy/share/ament_cmake_core/cmake/core/package_xml_2_cmake.py
[1.951s]   /home/davood/ros2_ws/src/turtlebot3/turtlebot3_navigation2/package.xml
[1.951s]   /home/davood/ros2_ws/build/turtlebot3_navigation2/ament_cmake_core/package.cmake)
[1.953s]   returned error code 1
[1.953s] Call Stack (most recent call first):
[1.954s]   /opt/ros/foxy/share/ament_cmake_core/cmake/core/ament_package_xml.cmake:49 (_ament_package_xml)
[1.954s]   /opt/ros/foxy/share/ament_cmake_core/cmake/core/ament_package.cmake:63 (ament_package_xml)
[1.958s]   CMakeLists.txt:23 (ament_package)
[1.961s] 
[1.964s] 
[1.965s] -- Configuring incomplete, errors occurred!
[1.965s] See also "/home/davood/ros2_ws/build/turtlebot3_navigation2/CMakeFiles/CMakeOutput.log".
[1.967s] Invoked command in '/home/davood/ros2_ws/build/turtlebot3_navigation2' returned '1': CMAKE_PREFIX_PATH=/opt/ros/foxy:${CMAKE_PREFIX_PATH} CONDA_PROMPT_MODIFIER=(base) /usr/bin/cmake /home/davood/ros2_ws/src/turtlebot3/turtlebot3_navigation2 -DCMAKE_INSTALL_PREFIX=/home/davood/ros2_ws/install/turtlebot3_navigation2
