[1.022s] Invoking command in '/home/davood/ros2_ws/build/pkg2': CMAKE_PREFIX_PATH=/home/davood/ros2_ws/install/my_package:/opt/ros/foxy:${CMAKE_PREFIX_PATH} CONDA_PROMPT_MODIFIER=(base) /usr/bin/cmake /home/davood/ros2_ws/src/pkg2 -DCMAKE_INSTALL_PREFIX=/home/davood/ros2_ws/install/pkg2
[1.171s] -- The C compiler identification is GNU 9.3.0
[1.304s] -- The CXX compiler identification is GNU 9.3.0
[1.312s] -- Check for working C compiler: /usr/bin/cc
[1.421s] -- Check for working C compiler: /usr/bin/cc -- works
[1.424s] -- Detecting C compiler ABI info
[1.539s] -- Detecting C compiler ABI info - done
[1.561s] -- Detecting C compile features
[1.561s] -- Detecting C compile features - done
[1.566s] -- Check for working CXX compiler: /usr/bin/c++
[1.690s] -- Check for working CXX compiler: /usr/bin/c++ -- works
[1.692s] -- Detecting CXX compiler ABI info
[1.816s] -- Detecting CXX compiler ABI info - done
[1.838s] -- Detecting CXX compile features
[1.839s] -- Detecting CXX compile features - done
[1.845s] -- Found ament_cmake: 0.9.8 (/opt/ros/foxy/share/ament_cmake/cmake)
[1.888s] -- Found PythonInterp: /home/davood/anaconda3/bin/python3 (found suitable version "3.8.5", minimum required is "3") 
[1.888s] -- Using PYTHON_EXECUTABLE: /home/davood/anaconda3/bin/python3
[2.428s] -- Found rclcpp: 2.3.1 (/opt/ros/foxy/share/rclcpp/cmake)
[2.518s] -- Using all available rosidl_typesupport_c: rosidl_typesupport_fastrtps_c;rosidl_typesupport_introspection_c
[2.530s] -- Found rosidl_adapter: 1.2.1 (/opt/ros/foxy/share/rosidl_adapter/cmake)
[2.682s] -- Found OpenSSL: /usr/lib/x86_64-linux-gnu/libcrypto.so (found version "1.1.1f")  
[2.735s] -- Found FastRTPS: /opt/ros/foxy/include  
[2.888s] -- Using all available rosidl_typesupport_cpp: rosidl_typesupport_fastrtps_cpp;rosidl_typesupport_introspection_cpp
[3.005s] -- Found rmw_implementation_cmake: 1.0.3 (/opt/ros/foxy/share/rmw_implementation_cmake/cmake)
[3.009s] -- Using RMW implementation 'rmw_fastrtps_cpp' as default
[3.012s] -- Looking for pthread.h
[3.117s] -- Looking for pthread.h - found
[3.117s] -- Performing Test CMAKE_HAVE_LIBC_PTHREAD
[3.225s] -- Performing Test CMAKE_HAVE_LIBC_PTHREAD - Failed
[3.225s] -- Looking for pthread_create in pthreads
[3.310s] -- Looking for pthread_create in pthreads - not found
[3.310s] -- Looking for pthread_create in pthread
[3.408s] -- Looking for pthread_create in pthread - found
[3.410s] -- Found Threads: TRUE  
[3.725s] -- Found ament_lint_auto: 0.9.6 (/opt/ros/foxy/share/ament_lint_auto/cmake)
[3.858s] -- Added test 'copyright' to check source files copyright and LICENSE
[3.861s] -- Added test 'lint_cmake' to check CMake code style
[3.863s] -- Added test 'xmllint' to check XML markup files
[3.867s] -- Configuring done
[3.871s] -- Generating done
[3.873s] -- Build files have been written to: /home/davood/ros2_ws/build/pkg2
[3.886s] Invoked command in '/home/davood/ros2_ws/build/pkg2' returned '0': CMAKE_PREFIX_PATH=/home/davood/ros2_ws/install/my_package:/opt/ros/foxy:${CMAKE_PREFIX_PATH} CONDA_PROMPT_MODIFIER=(base) /usr/bin/cmake /home/davood/ros2_ws/src/pkg2 -DCMAKE_INSTALL_PREFIX=/home/davood/ros2_ws/install/pkg2
[3.890s] Invoking command in '/home/davood/ros2_ws/build/pkg2': CMAKE_PREFIX_PATH=/home/davood/ros2_ws/install/my_package:/opt/ros/foxy:${CMAKE_PREFIX_PATH} CONDA_PROMPT_MODIFIER=(base) /usr/bin/cmake --build /home/davood/ros2_ws/build/pkg2 -- -j8 -l8
[3.946s] Invoked command in '/home/davood/ros2_ws/build/pkg2' returned '0': CMAKE_PREFIX_PATH=/home/davood/ros2_ws/install/my_package:/opt/ros/foxy:${CMAKE_PREFIX_PATH} CONDA_PROMPT_MODIFIER=(base) /usr/bin/cmake --build /home/davood/ros2_ws/build/pkg2 -- -j8 -l8
[3.999s] Invoking command in '/home/davood/ros2_ws/build/pkg2': CMAKE_PREFIX_PATH=/home/davood/ros2_ws/install/my_package:/opt/ros/foxy:${CMAKE_PREFIX_PATH} CONDA_PROMPT_MODIFIER=(base) /usr/bin/cmake --install /home/davood/ros2_ws/build/pkg2
[4.011s] -- Install configuration: ""
[4.011s] -- Installing: /home/davood/ros2_ws/install/pkg2/share/ament_index/resource_index/package_run_dependencies/pkg2
[4.011s] -- Installing: /home/davood/ros2_ws/install/pkg2/share/ament_index/resource_index/parent_prefix_path/pkg2
[4.012s] -- Installing: /home/davood/ros2_ws/install/pkg2/share/pkg2/environment/ament_prefix_path.sh
[4.012s] -- Installing: /home/davood/ros2_ws/install/pkg2/share/pkg2/environment/ament_prefix_path.dsv
[4.012s] -- Installing: /home/davood/ros2_ws/install/pkg2/share/pkg2/environment/path.sh
[4.013s] -- Installing: /home/davood/ros2_ws/install/pkg2/share/pkg2/environment/path.dsv
[4.013s] -- Installing: /home/davood/ros2_ws/install/pkg2/share/pkg2/local_setup.bash
[4.013s] -- Installing: /home/davood/ros2_ws/install/pkg2/share/pkg2/local_setup.sh
[4.013s] -- Installing: /home/davood/ros2_ws/install/pkg2/share/pkg2/local_setup.zsh
[4.013s] -- Installing: /home/davood/ros2_ws/install/pkg2/share/pkg2/local_setup.dsv
[4.014s] -- Installing: /home/davood/ros2_ws/install/pkg2/share/pkg2/package.dsv
[4.014s] -- Installing: /home/davood/ros2_ws/install/pkg2/share/ament_index/resource_index/packages/pkg2
[4.014s] -- Installing: /home/davood/ros2_ws/install/pkg2/share/pkg2/cmake/pkg2Config.cmake
[4.015s] -- Installing: /home/davood/ros2_ws/install/pkg2/share/pkg2/cmake/pkg2Config-version.cmake
[4.015s] -- Installing: /home/davood/ros2_ws/install/pkg2/share/pkg2/package.xml
[4.020s] Invoked command in '/home/davood/ros2_ws/build/pkg2' returned '0': CMAKE_PREFIX_PATH=/home/davood/ros2_ws/install/my_package:/opt/ros/foxy:${CMAKE_PREFIX_PATH} CONDA_PROMPT_MODIFIER=(base) /usr/bin/cmake --install /home/davood/ros2_ws/build/pkg2
