[0.097s] Invoking command in '/home/davood/ros2_ws/build/turtlebot3_description': CMAKE_PREFIX_PATH=/home/davood/ros2_ws/install/my_package:/opt/ros/foxy:${CMAKE_PREFIX_PATH} CONDA_PROMPT_MODIFIER=(base) /usr/bin/cmake --build /home/davood/ros2_ws/build/turtlebot3_description -- -j8 -l8
[1.211s] Invoked command in '/home/davood/ros2_ws/build/turtlebot3_description' returned '0': CMAKE_PREFIX_PATH=/home/davood/ros2_ws/install/my_package:/opt/ros/foxy:${CMAKE_PREFIX_PATH} CONDA_PROMPT_MODIFIER=(base) /usr/bin/cmake --build /home/davood/ros2_ws/build/turtlebot3_description -- -j8 -l8
[1.250s] Invoking command in '/home/davood/ros2_ws/build/turtlebot3_description': CMAKE_PREFIX_PATH=/home/davood/ros2_ws/install/my_package:/opt/ros/foxy:${CMAKE_PREFIX_PATH} CONDA_PROMPT_MODIFIER=(base) /usr/bin/cmake --install /home/davood/ros2_ws/build/turtlebot3_description
[1.287s] -- Install configuration: ""
[1.288s] -- Up-to-date: /home/davood/ros2_ws/install/turtlebot3_description/share/turtlebot3_description/meshes
[1.289s] -- Up-to-date: /home/davood/ros2_ws/install/turtlebot3_description/share/turtlebot3_description/meshes/wheels
[1.289s] -- Up-to-date: /home/davood/ros2_ws/install/turtlebot3_description/share/turtlebot3_description/meshes/wheels/left_tire.stl
[1.289s] -- Up-to-date: /home/davood/ros2_ws/install/turtlebot3_description/share/turtlebot3_description/meshes/wheels/right_tire.stl
[1.289s] -- Up-to-date: /home/davood/ros2_ws/install/turtlebot3_description/share/turtlebot3_description/meshes/bases
[1.290s] -- Up-to-date: /home/davood/ros2_ws/install/turtlebot3_description/share/turtlebot3_description/meshes/bases/waffle_pi_base.stl
[1.290s] -- Up-to-date: /home/davood/ros2_ws/install/turtlebot3_description/share/turtlebot3_description/meshes/bases/burger_base.stl
[1.290s] -- Up-to-date: /home/davood/ros2_ws/install/turtlebot3_description/share/turtlebot3_description/meshes/bases/waffle_base.stl
[1.290s] -- Up-to-date: /home/davood/ros2_ws/install/turtlebot3_description/share/turtlebot3_description/meshes/sensors
[1.291s] -- Up-to-date: /home/davood/ros2_ws/install/turtlebot3_description/share/turtlebot3_description/meshes/sensors/astra.dae
[1.291s] -- Up-to-date: /home/davood/ros2_ws/install/turtlebot3_description/share/turtlebot3_description/meshes/sensors/astra.jpg
[1.291s] -- Up-to-date: /home/davood/ros2_ws/install/turtlebot3_description/share/turtlebot3_description/meshes/sensors/r200.dae
[1.291s] -- Up-to-date: /home/davood/ros2_ws/install/turtlebot3_description/share/turtlebot3_description/meshes/sensors/lds.stl
[1.292s] -- Up-to-date: /home/davood/ros2_ws/install/turtlebot3_description/share/turtlebot3_description/meshes/sensors/r200.jpg
[1.292s] -- Up-to-date: /home/davood/ros2_ws/install/turtlebot3_description/share/turtlebot3_description/rviz
[1.292s] -- Up-to-date: /home/davood/ros2_ws/install/turtlebot3_description/share/turtlebot3_description/rviz/model.rviz
[1.292s] -- Up-to-date: /home/davood/ros2_ws/install/turtlebot3_description/share/turtlebot3_description/urdf
[1.293s] -- Up-to-date: /home/davood/ros2_ws/install/turtlebot3_description/share/turtlebot3_description/urdf/turtlebot3_burger.urdf
[1.293s] -- Up-to-date: /home/davood/ros2_ws/install/turtlebot3_description/share/turtlebot3_description/urdf/common_properties.urdf
[1.293s] -- Up-to-date: /home/davood/ros2_ws/install/turtlebot3_description/share/turtlebot3_description/urdf/turtlebot3_waffle.urdf
[1.293s] -- Up-to-date: /home/davood/ros2_ws/install/turtlebot3_description/share/turtlebot3_description/urdf/turtlebot3_waffle_pi.urdf
[1.294s] -- Up-to-date: /home/davood/ros2_ws/install/turtlebot3_description/share/ament_index/resource_index/package_run_dependencies/turtlebot3_description
[1.294s] -- Up-to-date: /home/davood/ros2_ws/install/turtlebot3_description/share/ament_index/resource_index/parent_prefix_path/turtlebot3_description
[1.294s] -- Up-to-date: /home/davood/ros2_ws/install/turtlebot3_description/share/turtlebot3_description/environment/ament_prefix_path.sh
[1.294s] -- Up-to-date: /home/davood/ros2_ws/install/turtlebot3_description/share/turtlebot3_description/environment/ament_prefix_path.dsv
[1.295s] -- Up-to-date: /home/davood/ros2_ws/install/turtlebot3_description/share/turtlebot3_description/environment/path.sh
[1.295s] -- Up-to-date: /home/davood/ros2_ws/install/turtlebot3_description/share/turtlebot3_description/environment/path.dsv
[1.295s] -- Up-to-date: /home/davood/ros2_ws/install/turtlebot3_description/share/turtlebot3_description/local_setup.bash
[1.295s] -- Up-to-date: /home/davood/ros2_ws/install/turtlebot3_description/share/turtlebot3_description/local_setup.sh
[1.296s] -- Up-to-date: /home/davood/ros2_ws/install/turtlebot3_description/share/turtlebot3_description/local_setup.zsh
[1.296s] -- Up-to-date: /home/davood/ros2_ws/install/turtlebot3_description/share/turtlebot3_description/local_setup.dsv
[1.296s] -- Up-to-date: /home/davood/ros2_ws/install/turtlebot3_description/share/turtlebot3_description/package.dsv
[1.296s] -- Up-to-date: /home/davood/ros2_ws/install/turtlebot3_description/share/ament_index/resource_index/packages/turtlebot3_description
[1.297s] -- Up-to-date: /home/davood/ros2_ws/install/turtlebot3_description/share/turtlebot3_description/cmake/turtlebot3_descriptionConfig.cmake
[1.297s] -- Up-to-date: /home/davood/ros2_ws/install/turtlebot3_description/share/turtlebot3_description/cmake/turtlebot3_descriptionConfig-version.cmake
[1.297s] -- Up-to-date: /home/davood/ros2_ws/install/turtlebot3_description/share/turtlebot3_description/package.xml
