[0.416s] Invoking command in '/home/davood/ros2_ws/src/my_package': CONDA_PROMPT_MODIFIER=(base) PYTHONPATH=/home/davood/ros2_ws/install/my_package/lib/python3.8/site-packages:${PYTHONPATH} /usr/bin/python3 setup.py egg_info --egg-base ../../build/my_package build --build-base /home/davood/ros2_ws/build/my_package/build install --prefix /home/davood/ros2_ws/install/my_package --record /home/davood/ros2_ws/build/my_package/install.log --single-version-externally-managed
[0.785s] running egg_info
[0.786s] writing ../../build/my_package/my_package.egg-info/PKG-INFO
[0.786s] writing dependency_links to ../../build/my_package/my_package.egg-info/dependency_links.txt
[0.787s] writing entry points to ../../build/my_package/my_package.egg-info/entry_points.txt
[0.787s] writing requirements to ../../build/my_package/my_package.egg-info/requires.txt
[0.787s] writing top-level names to ../../build/my_package/my_package.egg-info/top_level.txt
[0.837s] reading manifest file '../../build/my_package/my_package.egg-info/SOURCES.txt'
[0.838s] writing manifest file '../../build/my_package/my_package.egg-info/SOURCES.txt'
[0.838s] running build
[0.839s] running build_py
[0.839s] copying my_package/simple.py -> /home/davood/ros2_ws/build/my_package/build/lib/my_package
[0.839s] running install
[0.840s] running install_lib
[0.841s] copying /home/davood/ros2_ws/build/my_package/build/lib/my_package/simple.py -> /home/davood/ros2_ws/install/my_package/lib/python3.8/site-packages/my_package
[0.842s] byte-compiling /home/davood/ros2_ws/install/my_package/lib/python3.8/site-packages/my_package/simple.py to simple.cpython-38.pyc
[0.844s] running install_data
[0.845s] copying launch/my_package_launch_file.launch.py -> /home/davood/ros2_ws/install/my_package/share/my_package
[0.845s] running install_egg_info
[0.847s] removing '/home/davood/ros2_ws/install/my_package/lib/python3.8/site-packages/my_package-0.0.0-py3.8.egg-info' (and everything under it)
[0.847s] Copying ../../build/my_package/my_package.egg-info to /home/davood/ros2_ws/install/my_package/lib/python3.8/site-packages/my_package-0.0.0-py3.8.egg-info
[0.849s] running install_scripts
[0.871s] Installing simple script to /home/davood/ros2_ws/install/my_package/lib/my_package
[0.872s] writing list of installed files to '/home/davood/ros2_ws/build/my_package/install.log'
[0.902s] Invoked command in '/home/davood/ros2_ws/src/my_package' returned '0': CONDA_PROMPT_MODIFIER=(base) PYTHONPATH=/home/davood/ros2_ws/install/my_package/lib/python3.8/site-packages:${PYTHONPATH} /usr/bin/python3 setup.py egg_info --egg-base ../../build/my_package build --build-base /home/davood/ros2_ws/build/my_package/build install --prefix /home/davood/ros2_ws/install/my_package --record /home/davood/ros2_ws/build/my_package/install.log --single-version-externally-managed
