[0.086s] Invoking command in '/home/davood/ros2_ws/build/turtlebot3_node': CMAKE_PREFIX_PATH=/home/davood/ros2_ws/install/my_package:/opt/ros/foxy:${CMAKE_PREFIX_PATH} CONDA_PROMPT_MODIFIER=(base) /usr/bin/cmake /home/davood/ros2_ws/src/turtlebot3/turtlebot3_node -DCMAKE_INSTALL_PREFIX=/home/davood/ros2_ws/install/turtlebot3_node
[1.158s] -- Found ament_cmake: 0.9.8 (/opt/ros/foxy/share/ament_cmake/cmake)
[1.159s] -- Using PYTHON_EXECUTABLE: /home/davood/anaconda3/bin/python3
[1.160s] -- Configuring incomplete, errors occurred!
[1.161s] See also "/home/davood/ros2_ws/build/turtlebot3_node/CMakeFiles/CMakeOutput.log".
[1.162s] See also "/home/davood/ros2_ws/build/turtlebot3_node/CMakeFiles/CMakeError.log".
[1.165s] CMake Error at CMakeLists.txt:19 (find_package):
[1.166s]   By not providing "Finddynamixel_sdk.cmake" in CMAKE_MODULE_PATH this
[1.167s]   project has asked CMake to find a package configuration file provided by
[1.169s]   "dynamixel_sdk", but CMake did not find one.
[1.170s] 
[1.171s]   Could not find a package configuration file provided by "dynamixel_sdk"
[1.173s]   with any of the following names:
[1.174s] 
[1.176s]     dynamixel_sdkConfig.cmake
[1.176s]     dynamixel_sdk-config.cmake
[1.179s] 
[1.180s]   Add the installation prefix of "dynamixel_sdk" to CMAKE_PREFIX_PATH or set
[1.180s]   "dynamixel_sdk_DIR" to a directory containing one of the above files.  If
[1.181s]   "dynamixel_sdk" provides a separate development package or SDK, be sure it
[1.181s]   has been installed.
[1.181s] 
[1.188s] 
[1.197s] Invoked command in '/home/davood/ros2_ws/build/turtlebot3_node' returned '1': CMAKE_PREFIX_PATH=/home/davood/ros2_ws/install/my_package:/opt/ros/foxy:${CMAKE_PREFIX_PATH} CONDA_PROMPT_MODIFIER=(base) /usr/bin/cmake /home/davood/ros2_ws/src/turtlebot3/turtlebot3_node -DCMAKE_INSTALL_PREFIX=/home/davood/ros2_ws/install/turtlebot3_node
