[0.115s] Invoking command in '/home/davood/ros2_ws/build/turtlebot3_node': CMAKE_PREFIX_PATH=/home/davood/ros2_ws/install/my_package:/opt/ros/foxy:${CMAKE_PREFIX_PATH} CONDA_PROMPT_MODIFIER=(base) /usr/bin/cmake /home/davood/ros2_ws/src/turtlebot3/turtlebot3_node -DCMAKE_INSTALL_PREFIX=/home/davood/ros2_ws/install/turtlebot3_node
[2.079s] -- Found ament_cmake: 0.9.8 (/opt/ros/foxy/share/ament_cmake/cmake)
[2.083s] -- Using PYTHON_EXECUTABLE: /home/davood/anaconda3/bin/python3
[2.085s] -- Configuring incomplete, errors occurred!
[2.087s] See also "/home/davood/ros2_ws/build/turtlebot3_node/CMakeFiles/CMakeOutput.log".
[2.088s] See also "/home/davood/ros2_ws/build/turtlebot3_node/CMakeFiles/CMakeError.log".
[2.089s] CMake Error at CMakeLists.txt:19 (find_package):
[2.091s]   By not providing "Finddynamixel_sdk.cmake" in CMAKE_MODULE_PATH this
[2.093s]   project has asked CMake to find a package configuration file provided by
[2.094s]   "dynamixel_sdk", but CMake did not find one.
[2.097s] 
[2.099s]   Could not find a package configuration file provided by "dynamixel_sdk"
[2.100s]   with any of the following names:
[2.101s] 
[2.102s]     dynamixel_sdkConfig.cmake
[2.104s]     dynamixel_sdk-config.cmake
[2.104s] 
[2.104s]   Add the installation prefix of "dynamixel_sdk" to CMAKE_PREFIX_PATH or set
[2.105s]   "dynamixel_sdk_DIR" to a directory containing one of the above files.  If
[2.105s]   "dynamixel_sdk" provides a separate development package or SDK, be sure it
[2.105s]   has been installed.
[2.105s] 
[2.105s] 
[2.107s] Invoked command in '/home/davood/ros2_ws/build/turtlebot3_node' returned '1': CMAKE_PREFIX_PATH=/home/davood/ros2_ws/install/my_package:/opt/ros/foxy:${CMAKE_PREFIX_PATH} CONDA_PROMPT_MODIFIER=(base) /usr/bin/cmake /home/davood/ros2_ws/src/turtlebot3/turtlebot3_node -DCMAKE_INSTALL_PREFIX=/home/davood/ros2_ws/install/turtlebot3_node
