[1.638s] Invoking command in '/home/davood/ros2_ws/src/turtlebot3/turtlebot3_teleop': CONDA_PROMPT_MODIFIER=(base) PYTHONPATH=/home/davood/ros2_ws/install/turtlebot3_teleop/lib/python3.8/site-packages:${PYTHONPATH} /usr/bin/python3 setup.py egg_info --egg-base ../../../build/turtlebot3_teleop build --build-base /home/davood/ros2_ws/build/turtlebot3_teleop/build install --prefix /home/davood/ros2_ws/install/turtlebot3_teleop --record /home/davood/ros2_ws/build/turtlebot3_teleop/install.log --single-version-externally-managed
[2.177s] running egg_info
[2.177s] creating ../../../build/turtlebot3_teleop/turtlebot3_teleop.egg-info
[2.178s] writing ../../../build/turtlebot3_teleop/turtlebot3_teleop.egg-info/PKG-INFO
[2.179s] writing dependency_links to ../../../build/turtlebot3_teleop/turtlebot3_teleop.egg-info/dependency_links.txt
[2.179s] writing entry points to ../../../build/turtlebot3_teleop/turtlebot3_teleop.egg-info/entry_points.txt
[2.179s] writing requirements to ../../../build/turtlebot3_teleop/turtlebot3_teleop.egg-info/requires.txt
[2.179s] writing top-level names to ../../../build/turtlebot3_teleop/turtlebot3_teleop.egg-info/top_level.txt
[2.182s] writing manifest file '../../../build/turtlebot3_teleop/turtlebot3_teleop.egg-info/SOURCES.txt'
[2.241s] reading manifest file '../../../build/turtlebot3_teleop/turtlebot3_teleop.egg-info/SOURCES.txt'
[2.242s] writing manifest file '../../../build/turtlebot3_teleop/turtlebot3_teleop.egg-info/SOURCES.txt'
[2.242s] running build
[2.243s] running build_py
[2.243s] creating /home/davood/ros2_ws/build/turtlebot3_teleop/build
[2.243s] creating /home/davood/ros2_ws/build/turtlebot3_teleop/build/lib
[2.244s] creating /home/davood/ros2_ws/build/turtlebot3_teleop/build/lib/turtlebot3_teleop
[2.244s] copying turtlebot3_teleop/__init__.py -> /home/davood/ros2_ws/build/turtlebot3_teleop/build/lib/turtlebot3_teleop
[2.244s] creating /home/davood/ros2_ws/build/turtlebot3_teleop/build/lib/turtlebot3_teleop/script
[2.244s] copying turtlebot3_teleop/script/__init__.py -> /home/davood/ros2_ws/build/turtlebot3_teleop/build/lib/turtlebot3_teleop/script
[2.245s] copying turtlebot3_teleop/script/teleop_keyboard.py -> /home/davood/ros2_ws/build/turtlebot3_teleop/build/lib/turtlebot3_teleop/script
[2.245s] running install
[2.245s] running install_lib
[2.248s] creating /home/davood/ros2_ws/install/turtlebot3_teleop/lib/python3.8/site-packages/turtlebot3_teleop
[2.249s] copying /home/davood/ros2_ws/build/turtlebot3_teleop/build/lib/turtlebot3_teleop/__init__.py -> /home/davood/ros2_ws/install/turtlebot3_teleop/lib/python3.8/site-packages/turtlebot3_teleop
[2.250s] creating /home/davood/ros2_ws/install/turtlebot3_teleop/lib/python3.8/site-packages/turtlebot3_teleop/script
[2.250s] copying /home/davood/ros2_ws/build/turtlebot3_teleop/build/lib/turtlebot3_teleop/script/__init__.py -> /home/davood/ros2_ws/install/turtlebot3_teleop/lib/python3.8/site-packages/turtlebot3_teleop/script
[2.251s] copying /home/davood/ros2_ws/build/turtlebot3_teleop/build/lib/turtlebot3_teleop/script/teleop_keyboard.py -> /home/davood/ros2_ws/install/turtlebot3_teleop/lib/python3.8/site-packages/turtlebot3_teleop/script
[2.252s] byte-compiling /home/davood/ros2_ws/install/turtlebot3_teleop/lib/python3.8/site-packages/turtlebot3_teleop/__init__.py to __init__.cpython-38.pyc
[2.254s] byte-compiling /home/davood/ros2_ws/install/turtlebot3_teleop/lib/python3.8/site-packages/turtlebot3_teleop/script/__init__.py to __init__.cpython-38.pyc
[2.255s] byte-compiling /home/davood/ros2_ws/install/turtlebot3_teleop/lib/python3.8/site-packages/turtlebot3_teleop/script/teleop_keyboard.py to teleop_keyboard.cpython-38.pyc
[2.256s] running install_data
[2.256s] creating /home/davood/ros2_ws/install/turtlebot3_teleop/share/ament_index
[2.256s] creating /home/davood/ros2_ws/install/turtlebot3_teleop/share/ament_index/resource_index
[2.256s] creating /home/davood/ros2_ws/install/turtlebot3_teleop/share/ament_index/resource_index/packages
[2.256s] copying resource/turtlebot3_teleop -> /home/davood/ros2_ws/install/turtlebot3_teleop/share/ament_index/resource_index/packages
[2.257s] copying package.xml -> /home/davood/ros2_ws/install/turtlebot3_teleop/share/turtlebot3_teleop
[2.257s] running install_egg_info
[2.258s] Copying ../../../build/turtlebot3_teleop/turtlebot3_teleop.egg-info to /home/davood/ros2_ws/install/turtlebot3_teleop/lib/python3.8/site-packages/turtlebot3_teleop-2.1.2-py3.8.egg-info
[2.260s] running install_scripts
[2.289s] Installing teleop_keyboard script to /home/davood/ros2_ws/install/turtlebot3_teleop/lib/turtlebot3_teleop
[2.289s] writing list of installed files to '/home/davood/ros2_ws/build/turtlebot3_teleop/install.log'
