[2.268s] Invoking command in '/home/davood/ros2_ws/src/my_package': CONDA_PROMPT_MODIFIER=(base) PYTHONPATH=/home/davood/ros2_ws/install/my_package/lib/python3.8/site-packages:${PYTHONPATH} /usr/bin/python3 setup.py egg_info --egg-base ../../build/my_package build --build-base /home/davood/ros2_ws/build/my_package/build install --prefix /home/davood/ros2_ws/install/my_package --record /home/davood/ros2_ws/build/my_package/install.log --single-version-externally-managed
[2.941s] running egg_info
[2.942s] writing ../../build/my_package/my_package.egg-info/PKG-INFO
[2.943s] writing dependency_links to ../../build/my_package/my_package.egg-info/dependency_links.txt
[2.943s] writing entry points to ../../build/my_package/my_package.egg-info/entry_points.txt
[2.943s] writing requirements to ../../build/my_package/my_package.egg-info/requires.txt
[2.944s] writing top-level names to ../../build/my_package/my_package.egg-info/top_level.txt
[3.056s] reading manifest file '../../build/my_package/my_package.egg-info/SOURCES.txt'
[3.061s] writing manifest file '../../build/my_package/my_package.egg-info/SOURCES.txt'
[3.062s] running build
[3.062s] running build_py
[3.062s] copying my_package/simple.py -> /home/davood/ros2_ws/build/my_package/build/lib/my_package
[3.063s] running install
[3.063s] running install_lib
[3.066s] copying /home/davood/ros2_ws/build/my_package/build/lib/my_package/simple.py -> /home/davood/ros2_ws/install/my_package/lib/python3.8/site-packages/my_package
[3.067s] byte-compiling /home/davood/ros2_ws/install/my_package/lib/python3.8/site-packages/my_package/simple.py to simple.cpython-38.pyc
[3.069s] running install_data
[3.069s] copying launch/my_package_launch_file.launch.py -> /home/davood/ros2_ws/install/my_package/share/my_package
[3.070s] running install_egg_info
[3.071s] removing '/home/davood/ros2_ws/install/my_package/lib/python3.8/site-packages/my_package-0.0.0-py3.8.egg-info' (and everything under it)
[3.072s] Copying ../../build/my_package/my_package.egg-info to /home/davood/ros2_ws/install/my_package/lib/python3.8/site-packages/my_package-0.0.0-py3.8.egg-info
[3.074s] running install_scripts
[3.106s] writing list of installed files to '/home/davood/ros2_ws/build/my_package/install.log'
