[0.945s] Invoking command in '/home/davood/ros2_ws/src/my_package': CONDA_PROMPT_MODIFIER=(base) PYTHONPATH=/home/davood/ros2_ws/install/my_package/lib/python3.8/site-packages:${PYTHONPATH} /usr/bin/python3 setup.py egg_info --egg-base ../../build/my_package build --build-base /home/davood/ros2_ws/build/my_package/build install --prefix /home/davood/ros2_ws/install/my_package --record /home/davood/ros2_ws/build/my_package/install.log --single-version-externally-managed
[1.471s] running egg_info
[1.473s] writing ../../build/my_package/my_package.egg-info/PKG-INFO
[1.473s] writing dependency_links to ../../build/my_package/my_package.egg-info/dependency_links.txt
[1.474s] writing entry points to ../../build/my_package/my_package.egg-info/entry_points.txt
[1.474s] writing requirements to ../../build/my_package/my_package.egg-info/requires.txt
[1.474s] writing top-level names to ../../build/my_package/my_package.egg-info/top_level.txt
[1.556s] reading manifest file '../../build/my_package/my_package.egg-info/SOURCES.txt'
[1.557s] writing manifest file '../../build/my_package/my_package.egg-info/SOURCES.txt'
[1.557s] running build
[1.557s] running build_py
[1.558s] copying my_package/simple_subscriber.py -> /home/davood/ros2_ws/build/my_package/build/lib/my_package
[1.558s] copying my_package/simple_publisher.py -> /home/davood/ros2_ws/build/my_package/build/lib/my_package
[1.559s] running install
[1.559s] running install_lib
[1.561s] copying /home/davood/ros2_ws/build/my_package/build/lib/my_package/simple_subscriber.py -> /home/davood/ros2_ws/install/my_package/lib/python3.8/site-packages/my_package
[1.562s] copying /home/davood/ros2_ws/build/my_package/build/lib/my_package/simple_publisher.py -> /home/davood/ros2_ws/install/my_package/lib/python3.8/site-packages/my_package
[1.562s] byte-compiling /home/davood/ros2_ws/install/my_package/lib/python3.8/site-packages/my_package/simple_subscriber.py to simple_subscriber.cpython-38.pyc
[1.564s] byte-compiling /home/davood/ros2_ws/install/my_package/lib/python3.8/site-packages/my_package/simple_publisher.py to simple_publisher.cpython-38.pyc
[1.564s] running install_data
[1.565s] running install_egg_info
[1.567s] removing '/home/davood/ros2_ws/install/my_package/lib/python3.8/site-packages/my_package-0.0.0-py3.8.egg-info' (and everything under it)
[1.567s] Copying ../../build/my_package/my_package.egg-info to /home/davood/ros2_ws/install/my_package/lib/python3.8/site-packages/my_package-0.0.0-py3.8.egg-info
[1.569s] running install_scripts
[1.599s] Installing simple script to /home/davood/ros2_ws/install/my_package/lib/my_package
[1.599s] writing list of installed files to '/home/davood/ros2_ws/build/my_package/install.log'
[1.639s] Invoked command in '/home/davood/ros2_ws/src/my_package' returned '0': CONDA_PROMPT_MODIFIER=(base) PYTHONPATH=/home/davood/ros2_ws/install/my_package/lib/python3.8/site-packages:${PYTHONPATH} /usr/bin/python3 setup.py egg_info --egg-base ../../build/my_package build --build-base /home/davood/ros2_ws/build/my_package/build install --prefix /home/davood/ros2_ws/install/my_package --record /home/davood/ros2_ws/build/my_package/install.log --single-version-externally-managed
