[0.972s] Invoking command in '/home/davood/ros2_ws/build/pkg2': CMAKE_PREFIX_PATH=/home/davood/ros2_ws/install/pkg2:/home/davood/ros2_ws/install/turtlebot3_cartographer:/home/davood/ros2_ws/install/pkg1:/home/davood/ros2_ws/install/my_package:/opt/ros/foxy:/opt/ros/noetic CONDA_PROMPT_MODIFIER=(base) /usr/bin/cmake --build /home/davood/ros2_ws/build/pkg2 -- -j8 -l8
[1.043s] Invoked command in '/home/davood/ros2_ws/build/pkg2' returned '0': CMAKE_PREFIX_PATH=/home/davood/ros2_ws/install/pkg2:/home/davood/ros2_ws/install/turtlebot3_cartographer:/home/davood/ros2_ws/install/pkg1:/home/davood/ros2_ws/install/my_package:/opt/ros/foxy:/opt/ros/noetic CONDA_PROMPT_MODIFIER=(base) /usr/bin/cmake --build /home/davood/ros2_ws/build/pkg2 -- -j8 -l8
[1.100s] Invoking command in '/home/davood/ros2_ws/build/pkg2': CMAKE_PREFIX_PATH=/home/davood/ros2_ws/install/pkg2:/home/davood/ros2_ws/install/turtlebot3_cartographer:/home/davood/ros2_ws/install/pkg1:/home/davood/ros2_ws/install/my_package:/opt/ros/foxy:/opt/ros/noetic CONDA_PROMPT_MODIFIER=(base) /usr/bin/cmake --install /home/davood/ros2_ws/build/pkg2
[1.117s] -- Install configuration: ""
[1.117s] -- Up-to-date: /home/davood/ros2_ws/install/pkg2/share/ament_index/resource_index/package_run_dependencies/pkg2
[1.118s] -- Up-to-date: /home/davood/ros2_ws/install/pkg2/share/ament_index/resource_index/parent_prefix_path/pkg2
[1.118s] -- Up-to-date: /home/davood/ros2_ws/install/pkg2/share/pkg2/environment/ament_prefix_path.sh
[1.118s] -- Up-to-date: /home/davood/ros2_ws/install/pkg2/share/pkg2/environment/ament_prefix_path.dsv
[1.119s] -- Up-to-date: /home/davood/ros2_ws/install/pkg2/share/pkg2/environment/path.sh
[1.119s] -- Up-to-date: /home/davood/ros2_ws/install/pkg2/share/pkg2/environment/path.dsv
[1.119s] -- Up-to-date: /home/davood/ros2_ws/install/pkg2/share/pkg2/local_setup.bash
[1.119s] -- Up-to-date: /home/davood/ros2_ws/install/pkg2/share/pkg2/local_setup.sh
[1.120s] -- Up-to-date: /home/davood/ros2_ws/install/pkg2/share/pkg2/local_setup.zsh
[1.120s] -- Up-to-date: /home/davood/ros2_ws/install/pkg2/share/pkg2/local_setup.dsv
[1.120s] -- Installing: /home/davood/ros2_ws/install/pkg2/share/pkg2/package.dsv
[1.120s] -- Up-to-date: /home/davood/ros2_ws/install/pkg2/share/ament_index/resource_index/packages/pkg2
[1.121s] -- Up-to-date: /home/davood/ros2_ws/install/pkg2/share/pkg2/cmake/pkg2Config.cmake
[1.122s] -- Up-to-date: /home/davood/ros2_ws/install/pkg2/share/pkg2/cmake/pkg2Config-version.cmake
[1.123s] -- Up-to-date: /home/davood/ros2_ws/install/pkg2/share/pkg2/package.xml
[1.124s] Invoked command in '/home/davood/ros2_ws/build/pkg2' returned '0': CMAKE_PREFIX_PATH=/home/davood/ros2_ws/install/pkg2:/home/davood/ros2_ws/install/turtlebot3_cartographer:/home/davood/ros2_ws/install/pkg1:/home/davood/ros2_ws/install/my_package:/opt/ros/foxy:/opt/ros/noetic CONDA_PROMPT_MODIFIER=(base) /usr/bin/cmake --install /home/davood/ros2_ws/build/pkg2
