[2.079s] Invoking command in '/home/davood/ros2_ws/src/my_package': CONDA_PROMPT_MODIFIER=(base) PYTHONPATH=/home/davood/ros2_ws/install/my_package/lib/python3.8/site-packages:${PYTHONPATH} /usr/bin/python3 setup.py egg_info --egg-base ../../build/my_package build --build-base /home/davood/ros2_ws/build/my_package/build install --prefix /home/davood/ros2_ws/install/my_package --record /home/davood/ros2_ws/build/my_package/install.log --single-version-externally-managed
[2.693s] running egg_info
[2.694s] writing ../../build/my_package/my_package.egg-info/PKG-INFO
[2.695s] writing dependency_links to ../../build/my_package/my_package.egg-info/dependency_links.txt
[2.695s] writing entry points to ../../build/my_package/my_package.egg-info/entry_points.txt
[2.695s] writing requirements to ../../build/my_package/my_package.egg-info/requires.txt
[2.696s] writing top-level names to ../../build/my_package/my_package.egg-info/top_level.txt
[2.761s] reading manifest file '../../build/my_package/my_package.egg-info/SOURCES.txt'
[2.765s] writing manifest file '../../build/my_package/my_package.egg-info/SOURCES.txt'
[2.765s] running build
[2.766s] running build_py
[2.766s] running install
[2.767s] running install_lib
[2.768s] running install_data
[2.769s] running install_egg_info
[2.772s] removing '/home/davood/ros2_ws/install/my_package/lib/python3.8/site-packages/my_package-0.0.0-py3.8.egg-info' (and everything under it)
[2.772s] Copying ../../build/my_package/my_package.egg-info to /home/davood/ros2_ws/install/my_package/lib/python3.8/site-packages/my_package-0.0.0-py3.8.egg-info
[2.774s] running install_scripts
[2.801s] Installing simple script to /home/davood/ros2_ws/install/my_package/lib/my_package
[2.802s] writing list of installed files to '/home/davood/ros2_ws/build/my_package/install.log'
