[2.085s] Invoking command in '/home/davood/ros2_ws/src/turtlebot3/turtlebot3_teleop': CONDA_PROMPT_MODIFIER=(base) PYTHONPATH=/home/davood/ros2_ws/install/turtlebot3_teleop/lib/python3.8/site-packages:${PYTHONPATH} /usr/bin/python3 setup.py egg_info --egg-base ../../../build/turtlebot3_teleop build --build-base /home/davood/ros2_ws/build/turtlebot3_teleop/build install --prefix /home/davood/ros2_ws/install/turtlebot3_teleop --record /home/davood/ros2_ws/build/turtlebot3_teleop/install.log --single-version-externally-managed
[2.707s] running egg_info
[2.709s] writing ../../../build/turtlebot3_teleop/turtlebot3_teleop.egg-info/PKG-INFO
[2.709s] writing dependency_links to ../../../build/turtlebot3_teleop/turtlebot3_teleop.egg-info/dependency_links.txt
[2.709s] writing entry points to ../../../build/turtlebot3_teleop/turtlebot3_teleop.egg-info/entry_points.txt
[2.710s] writing requirements to ../../../build/turtlebot3_teleop/turtlebot3_teleop.egg-info/requires.txt
[2.710s] writing top-level names to ../../../build/turtlebot3_teleop/turtlebot3_teleop.egg-info/top_level.txt
[2.814s] reading manifest file '../../../build/turtlebot3_teleop/turtlebot3_teleop.egg-info/SOURCES.txt'
[2.816s] writing manifest file '../../../build/turtlebot3_teleop/turtlebot3_teleop.egg-info/SOURCES.txt'
[2.816s] running build
[2.817s] running build_py
[2.818s] running install
[2.820s] running install_lib
[2.824s] running install_data
[2.834s] running install_egg_info
[2.834s] removing '/home/davood/ros2_ws/install/turtlebot3_teleop/lib/python3.8/site-packages/turtlebot3_teleop-2.1.2-py3.8.egg-info' (and everything under it)
[2.834s] Copying ../../../build/turtlebot3_teleop/turtlebot3_teleop.egg-info to /home/davood/ros2_ws/install/turtlebot3_teleop/lib/python3.8/site-packages/turtlebot3_teleop-2.1.2-py3.8.egg-info
[2.834s] running install_scripts
[2.883s] Installing teleop_keyboard script to /home/davood/ros2_ws/install/turtlebot3_teleop/lib/turtlebot3_teleop
[2.883s] writing list of installed files to '/home/davood/ros2_ws/build/turtlebot3_teleop/install.log'
