[0.440s] Invoking command in '/home/davood/ros2_ws/src/my_package': CONDA_PROMPT_MODIFIER=(base) PYTHONPATH=/home/davood/ros2_ws/install/my_package/lib/python3.8/site-packages:${PYTHONPATH} /usr/bin/python3 setup.py egg_info --egg-base ../../build/my_package build --build-base /home/davood/ros2_ws/build/my_package/build install --prefix /home/davood/ros2_ws/install/my_package --record /home/davood/ros2_ws/build/my_package/install.log --single-version-externally-managed
[0.801s] running egg_info
[0.802s] creating ../../build/my_package/my_package.egg-info
[0.802s] writing ../../build/my_package/my_package.egg-info/PKG-INFO
[0.802s] writing dependency_links to ../../build/my_package/my_package.egg-info/dependency_links.txt
[0.803s] writing entry points to ../../build/my_package/my_package.egg-info/entry_points.txt
[0.803s] writing requirements to ../../build/my_package/my_package.egg-info/requires.txt
[0.803s] writing top-level names to ../../build/my_package/my_package.egg-info/top_level.txt
[0.807s] writing manifest file '../../build/my_package/my_package.egg-info/SOURCES.txt'
[0.866s] reading manifest file '../../build/my_package/my_package.egg-info/SOURCES.txt'
[0.867s] writing manifest file '../../build/my_package/my_package.egg-info/SOURCES.txt'
[0.868s] running build
[0.868s] running build_py
[0.868s] creating /home/davood/ros2_ws/build/my_package/build
[0.868s] creating /home/davood/ros2_ws/build/my_package/build/lib
[0.869s] creating /home/davood/ros2_ws/build/my_package/build/lib/my_package
[0.869s] copying my_package/__init__.py -> /home/davood/ros2_ws/build/my_package/build/lib/my_package
[0.869s] running install
[0.869s] running install_lib
[0.871s] creating /home/davood/ros2_ws/install/my_package/lib/python3.8/site-packages/my_package
[0.872s] copying /home/davood/ros2_ws/build/my_package/build/lib/my_package/__init__.py -> /home/davood/ros2_ws/install/my_package/lib/python3.8/site-packages/my_package
[0.872s] byte-compiling /home/davood/ros2_ws/install/my_package/lib/python3.8/site-packages/my_package/__init__.py to __init__.cpython-38.pyc
[0.874s] running install_data
[0.874s] creating /home/davood/ros2_ws/install/my_package/share/ament_index
[0.874s] creating /home/davood/ros2_ws/install/my_package/share/ament_index/resource_index
[0.875s] creating /home/davood/ros2_ws/install/my_package/share/ament_index/resource_index/packages
[0.875s] copying resource/my_package -> /home/davood/ros2_ws/install/my_package/share/ament_index/resource_index/packages
[0.875s] copying package.xml -> /home/davood/ros2_ws/install/my_package/share/my_package
[0.875s] running install_egg_info
[0.877s] Copying ../../build/my_package/my_package.egg-info to /home/davood/ros2_ws/install/my_package/lib/python3.8/site-packages/my_package-0.0.0-py3.8.egg-info
[0.878s] running install_scripts
[0.902s] writing list of installed files to '/home/davood/ros2_ws/build/my_package/install.log'
[0.933s] Invoked command in '/home/davood/ros2_ws/src/my_package' returned '0': CONDA_PROMPT_MODIFIER=(base) PYTHONPATH=/home/davood/ros2_ws/install/my_package/lib/python3.8/site-packages:${PYTHONPATH} /usr/bin/python3 setup.py egg_info --egg-base ../../build/my_package build --build-base /home/davood/ros2_ws/build/my_package/build install --prefix /home/davood/ros2_ws/install/my_package --record /home/davood/ros2_ws/build/my_package/install.log --single-version-externally-managed
