[2.080s] Invoking command in '/home/davood/ros2_ws/src/turtlebot3/turtlebot3_example': CONDA_PROMPT_MODIFIER=(base) PYTHONPATH=/home/davood/ros2_ws/install/turtlebot3_example/lib/python3.8/site-packages:${PYTHONPATH} /usr/bin/python3 setup.py egg_info --egg-base ../../../build/turtlebot3_example build --build-base /home/davood/ros2_ws/build/turtlebot3_example/build install --prefix /home/davood/ros2_ws/install/turtlebot3_example --record /home/davood/ros2_ws/build/turtlebot3_example/install.log --single-version-externally-managed
[2.549s] running egg_info
[2.550s] writing ../../../build/turtlebot3_example/turtlebot3_example.egg-info/PKG-INFO
[2.550s] writing dependency_links to ../../../build/turtlebot3_example/turtlebot3_example.egg-info/dependency_links.txt
[2.551s] writing entry points to ../../../build/turtlebot3_example/turtlebot3_example.egg-info/entry_points.txt
[2.551s] writing requirements to ../../../build/turtlebot3_example/turtlebot3_example.egg-info/requires.txt
[2.551s] writing top-level names to ../../../build/turtlebot3_example/turtlebot3_example.egg-info/top_level.txt
[2.615s] reading manifest file '../../../build/turtlebot3_example/turtlebot3_example.egg-info/SOURCES.txt'
[2.617s] writing manifest file '../../../build/turtlebot3_example/turtlebot3_example.egg-info/SOURCES.txt'
[2.617s] running build
[2.617s] running build_py
[2.620s] running install
[2.621s] running install_lib
[2.625s] running install_data
[2.626s] running install_egg_info
[2.628s] removing '/home/davood/ros2_ws/install/turtlebot3_example/lib/python3.8/site-packages/turtlebot3_example-2.1.2-py3.8.egg-info' (and everything under it)
[2.629s] Copying ../../../build/turtlebot3_example/turtlebot3_example.egg-info to /home/davood/ros2_ws/install/turtlebot3_example/lib/python3.8/site-packages/turtlebot3_example-2.1.2-py3.8.egg-info
[2.630s] running install_scripts
[2.659s] Installing turtlebot3_obstacle_detection script to /home/davood/ros2_ws/install/turtlebot3_example/lib/turtlebot3_example
[2.660s] Installing turtlebot3_patrol_client script to /home/davood/ros2_ws/install/turtlebot3_example/lib/turtlebot3_example
[2.660s] Installing turtlebot3_patrol_server script to /home/davood/ros2_ws/install/turtlebot3_example/lib/turtlebot3_example
[2.661s] Installing turtlebot3_position_control script to /home/davood/ros2_ws/install/turtlebot3_example/lib/turtlebot3_example
[2.662s] writing list of installed files to '/home/davood/ros2_ws/build/turtlebot3_example/install.log'
