/home/davood/ros2_ws/install/my_package/lib/python3.8/site-packages/my_package/__init__.py
/home/davood/ros2_ws/install/my_package/lib/python3.8/site-packages/my_package/simple.py
/home/davood/ros2_ws/install/my_package/lib/python3.8/site-packages/my_package/simple_subscriber.py
/home/davood/ros2_ws/install/my_package/lib/python3.8/site-packages/my_package/simple_publisher.py
/home/davood/ros2_ws/install/my_package/lib/python3.8/site-packages/my_package/__pycache__/__init__.cpython-38.pyc
/home/davood/ros2_ws/install/my_package/lib/python3.8/site-packages/my_package/__pycache__/simple.cpython-38.pyc
/home/davood/ros2_ws/install/my_package/lib/python3.8/site-packages/my_package/__pycache__/simple_subscriber.cpython-38.pyc
/home/davood/ros2_ws/install/my_package/lib/python3.8/site-packages/my_package/__pycache__/simple_publisher.cpython-38.pyc
/home/davood/ros2_ws/install/my_package/share/ament_index/resource_index/packages/my_package
/home/davood/ros2_ws/install/my_package/share/my_package/package.xml
/home/davood/ros2_ws/install/my_package/share/my_package/my_package_launch_file.launch.py
/home/davood/ros2_ws/install/my_package/lib/python3.8/site-packages/my_package-0.0.0-py3.8.egg-info/dependency_links.txt
/home/davood/ros2_ws/install/my_package/lib/python3.8/site-packages/my_package-0.0.0-py3.8.egg-info/PKG-INFO
/home/davood/ros2_ws/install/my_package/lib/python3.8/site-packages/my_package-0.0.0-py3.8.egg-info/requires.txt
/home/davood/ros2_ws/install/my_package/lib/python3.8/site-packages/my_package-0.0.0-py3.8.egg-info/SOURCES.txt
/home/davood/ros2_ws/install/my_package/lib/python3.8/site-packages/my_package-0.0.0-py3.8.egg-info/zip-safe
/home/davood/ros2_ws/install/my_package/lib/python3.8/site-packages/my_package-0.0.0-py3.8.egg-info/entry_points.txt
/home/davood/ros2_ws/install/my_package/lib/python3.8/site-packages/my_package-0.0.0-py3.8.egg-info/top_level.txt
/home/davood/ros2_ws/install/my_package/lib/my_package/simple
/home/davood/ros2_ws/install/my_package/lib/my_package/simple_publisher
/home/davood/ros2_ws/install/my_package/lib/my_package/simple_subscriber
