[0.518s] DEBUG:colcon:Command line arguments: ['/usr/bin/colcon', 'build']
[0.518s] DEBUG:colcon:Parsed command line arguments: Namespace(ament_cmake_args=None, base_paths=['.'], build_base='build', catkin_cmake_args=None, catkin_skip_building_tests=False, cmake_args=None, cmake_clean_cache=False, cmake_clean_first=False, cmake_force_configure=False, cmake_target=None, cmake_target_skip_unavailable=False, continue_on_error=False, event_handlers=None, executor='parallel', ignore_user_meta=False, install_base='install', log_base=None, log_level=None, main=<bound method BuildVerb.main of <colcon_core.verb.build.BuildVerb object at 0x7fd4f97f8730>>, merge_install=False, metas=['./colcon.meta'], packages_above=None, packages_above_and_dependencies=None, packages_above_depth=None, packages_end=None, packages_ignore=None, packages_ignore_regex=None, packages_select=None, packages_select_build_failed=False, packages_select_by_dep=None, packages_select_regex=None, packages_select_test_failures=False, packages_skip=None, packages_skip_build_finished=False, packages_skip_by_dep=None, packages_skip_regex=None, packages_skip_test_passed=False, packages_skip_up_to=None, packages_start=None, packages_up_to=None, packages_up_to_regex=None, parallel_workers=8, paths=None, symlink_install=False, test_result_base=None, verb_extension=<colcon_core.verb.build.BuildVerb object at 0x7fd4f97f8730>, verb_name='build', verb_parser=<colcon_defaults.argument_parser.defaults.DefaultArgumentsDecorator object at 0x7fd4f97f8c70>)
[0.526s] Level 1:colcon.colcon_core.package_discovery:discover_packages(colcon_meta) check parameters
[0.526s] Level 1:colcon.colcon_core.package_discovery:discover_packages(recursive) check parameters
[0.526s] Level 1:colcon.colcon_core.package_discovery:discover_packages(ignore) check parameters
[0.526s] Level 1:colcon.colcon_core.package_discovery:discover_packages(path) check parameters
[0.526s] Level 1:colcon.colcon_core.package_discovery:discover_packages(colcon_meta) discover
[0.526s] Level 1:colcon.colcon_core.package_discovery:discover_packages(recursive) discover
[0.526s] INFO:colcon.colcon_core.package_discovery:Crawling recursively for packages in '/home/davood/ros2_ws'
[0.526s] Level 1:colcon.colcon_core.package_identification:_identify(.) by extensions ['ignore', 'ignore_ament_install']
[0.526s] Level 1:colcon.colcon_core.package_identification:_identify(.) by extension 'ignore'
[0.526s] Level 1:colcon.colcon_core.package_identification:_identify(.) by extension 'ignore_ament_install'
[0.527s] Level 1:colcon.colcon_core.package_identification:_identify(.) by extensions ['colcon_pkg']
[0.527s] Level 1:colcon.colcon_core.package_identification:_identify(.) by extension 'colcon_pkg'
[0.527s] Level 1:colcon.colcon_core.package_identification:_identify(.) by extensions ['colcon_meta']
[0.527s] Level 1:colcon.colcon_core.package_identification:_identify(.) by extension 'colcon_meta'
[0.527s] Level 1:colcon.colcon_core.package_identification:_identify(.) by extensions ['ros']
[0.527s] Level 1:colcon.colcon_core.package_identification:_identify(.) by extension 'ros'
[0.544s] Level 1:colcon.colcon_core.package_identification:_identify(.) by extensions ['cmake', 'python']
[0.544s] Level 1:colcon.colcon_core.package_identification:_identify(.) by extension 'cmake'
[0.544s] Level 1:colcon.colcon_core.package_identification:_identify(.) by extension 'python'
[0.544s] Level 1:colcon.colcon_core.package_identification:_identify(.) by extensions ['python_setup_py']
[0.544s] Level 1:colcon.colcon_core.package_identification:_identify(.) by extension 'python_setup_py'
[0.545s] Level 1:colcon.colcon_core.package_identification:_identify(build) by extensions ['ignore', 'ignore_ament_install']
[0.545s] Level 1:colcon.colcon_core.package_identification:_identify(build) by extension 'ignore'
[0.545s] Level 1:colcon.colcon_core.package_identification:_identify(build) ignored
[0.545s] Level 1:colcon.colcon_core.package_identification:_identify(install) by extensions ['ignore', 'ignore_ament_install']
[0.545s] Level 1:colcon.colcon_core.package_identification:_identify(install) by extension 'ignore'
[0.545s] Level 1:colcon.colcon_core.package_identification:_identify(install) ignored
[0.546s] Level 1:colcon.colcon_core.package_identification:_identify(log) by extensions ['ignore', 'ignore_ament_install']
[0.546s] Level 1:colcon.colcon_core.package_identification:_identify(log) by extension 'ignore'
[0.546s] Level 1:colcon.colcon_core.package_identification:_identify(log) ignored
[0.546s] Level 1:colcon.colcon_core.package_identification:_identify(src) by extensions ['ignore', 'ignore_ament_install']
[0.546s] Level 1:colcon.colcon_core.package_identification:_identify(src) by extension 'ignore'
[0.546s] Level 1:colcon.colcon_core.package_identification:_identify(src) by extension 'ignore_ament_install'
[0.546s] Level 1:colcon.colcon_core.package_identification:_identify(src) by extensions ['colcon_pkg']
[0.546s] Level 1:colcon.colcon_core.package_identification:_identify(src) by extension 'colcon_pkg'
[0.546s] Level 1:colcon.colcon_core.package_identification:_identify(src) by extensions ['colcon_meta']
[0.546s] Level 1:colcon.colcon_core.package_identification:_identify(src) by extension 'colcon_meta'
[0.547s] Level 1:colcon.colcon_core.package_identification:_identify(src) by extensions ['ros']
[0.547s] Level 1:colcon.colcon_core.package_identification:_identify(src) by extension 'ros'
[0.547s] Level 1:colcon.colcon_core.package_identification:_identify(src) by extensions ['cmake', 'python']
[0.547s] Level 1:colcon.colcon_core.package_identification:_identify(src) by extension 'cmake'
[0.547s] Level 1:colcon.colcon_core.package_identification:_identify(src) by extension 'python'
[0.547s] Level 1:colcon.colcon_core.package_identification:_identify(src) by extensions ['python_setup_py']
[0.547s] Level 1:colcon.colcon_core.package_identification:_identify(src) by extension 'python_setup_py'
[0.547s] Level 1:colcon.colcon_core.package_identification:_identify(src/my_package) by extensions ['ignore', 'ignore_ament_install']
[0.547s] Level 1:colcon.colcon_core.package_identification:_identify(src/my_package) by extension 'ignore'
[0.547s] Level 1:colcon.colcon_core.package_identification:_identify(src/my_package) by extension 'ignore_ament_install'
[0.548s] Level 1:colcon.colcon_core.package_identification:_identify(src/my_package) by extensions ['colcon_pkg']
[0.548s] Level 1:colcon.colcon_core.package_identification:_identify(src/my_package) by extension 'colcon_pkg'
[0.548s] Level 1:colcon.colcon_core.package_identification:_identify(src/my_package) by extensions ['colcon_meta']
[0.548s] Level 1:colcon.colcon_core.package_identification:_identify(src/my_package) by extension 'colcon_meta'
[0.548s] Level 1:colcon.colcon_core.package_identification:_identify(src/my_package) by extensions ['ros']
[0.548s] Level 1:colcon.colcon_core.package_identification:_identify(src/my_package) by extension 'ros'
[0.552s] DEBUG:colcon.colcon_core.package_identification:Package 'src/my_package' with type 'ros.ament_python' and name 'my_package'
[0.552s] Level 1:colcon.colcon_core.package_identification:_identify(src/pkg1) by extensions ['ignore', 'ignore_ament_install']
[0.552s] Level 1:colcon.colcon_core.package_identification:_identify(src/pkg1) by extension 'ignore'
[0.552s] Level 1:colcon.colcon_core.package_identification:_identify(src/pkg1) by extension 'ignore_ament_install'
[0.552s] Level 1:colcon.colcon_core.package_identification:_identify(src/pkg1) by extensions ['colcon_pkg']
[0.552s] Level 1:colcon.colcon_core.package_identification:_identify(src/pkg1) by extension 'colcon_pkg'
[0.552s] Level 1:colcon.colcon_core.package_identification:_identify(src/pkg1) by extensions ['colcon_meta']
[0.552s] Level 1:colcon.colcon_core.package_identification:_identify(src/pkg1) by extension 'colcon_meta'
[0.553s] Level 1:colcon.colcon_core.package_identification:_identify(src/pkg1) by extensions ['ros']
[0.553s] Level 1:colcon.colcon_core.package_identification:_identify(src/pkg1) by extension 'ros'
[0.554s] DEBUG:colcon.colcon_core.package_identification:Package 'src/pkg1' with type 'ros.ament_python' and name 'pkg1'
[0.554s] Level 1:colcon.colcon_core.package_identification:_identify(src/pkg2) by extensions ['ignore', 'ignore_ament_install']
[0.554s] Level 1:colcon.colcon_core.package_identification:_identify(src/pkg2) by extension 'ignore'
[0.554s] Level 1:colcon.colcon_core.package_identification:_identify(src/pkg2) by extension 'ignore_ament_install'
[0.554s] Level 1:colcon.colcon_core.package_identification:_identify(src/pkg2) by extensions ['colcon_pkg']
[0.554s] Level 1:colcon.colcon_core.package_identification:_identify(src/pkg2) by extension 'colcon_pkg'
[0.554s] Level 1:colcon.colcon_core.package_identification:_identify(src/pkg2) by extensions ['colcon_meta']
[0.554s] Level 1:colcon.colcon_core.package_identification:_identify(src/pkg2) by extension 'colcon_meta'
[0.554s] Level 1:colcon.colcon_core.package_identification:_identify(src/pkg2) by extensions ['ros']
[0.555s] Level 1:colcon.colcon_core.package_identification:_identify(src/pkg2) by extension 'ros'
[0.555s] DEBUG:colcon.colcon_core.package_identification:Package 'src/pkg2' with type 'ros.ament_cmake' and name 'pkg2'
[0.555s] Level 1:colcon.colcon_core.package_discovery:discover_packages(recursive) using defaults
[0.556s] Level 1:colcon.colcon_core.package_discovery:discover_packages(ignore) discover
[0.556s] Level 1:colcon.colcon_core.package_discovery:discover_packages(ignore) using defaults
[0.556s] Level 1:colcon.colcon_core.package_discovery:discover_packages(path) discover
[0.556s] Level 1:colcon.colcon_core.package_discovery:discover_packages(path) using defaults
[0.597s] Level 5:colcon.colcon_core.verb:set package 'my_package' build argument 'cmake_args' from command line to 'None'
[0.597s] Level 5:colcon.colcon_core.verb:set package 'my_package' build argument 'cmake_target' from command line to 'None'
[0.597s] Level 5:colcon.colcon_core.verb:set package 'my_package' build argument 'cmake_target_skip_unavailable' from command line to 'False'
[0.597s] Level 5:colcon.colcon_core.verb:set package 'my_package' build argument 'cmake_clean_cache' from command line to 'False'
[0.597s] Level 5:colcon.colcon_core.verb:set package 'my_package' build argument 'cmake_clean_first' from command line to 'False'
[0.597s] Level 5:colcon.colcon_core.verb:set package 'my_package' build argument 'cmake_force_configure' from command line to 'False'
[0.597s] Level 5:colcon.colcon_core.verb:set package 'my_package' build argument 'ament_cmake_args' from command line to 'None'
[0.597s] Level 5:colcon.colcon_core.verb:set package 'my_package' build argument 'catkin_cmake_args' from command line to 'None'
[0.597s] Level 5:colcon.colcon_core.verb:set package 'my_package' build argument 'catkin_skip_building_tests' from command line to 'False'
[0.597s] DEBUG:colcon.colcon_core.verb:Building package 'my_package' with the following arguments: {'ament_cmake_args': None, 'build_base': '/home/davood/ros2_ws/build/my_package', 'catkin_cmake_args': None, 'catkin_skip_building_tests': False, 'cmake_args': None, 'cmake_clean_cache': False, 'cmake_clean_first': False, 'cmake_force_configure': False, 'cmake_target': None, 'cmake_target_skip_unavailable': False, 'install_base': '/home/davood/ros2_ws/install/my_package', 'merge_install': False, 'path': '/home/davood/ros2_ws/src/my_package', 'symlink_install': False, 'test_result_base': None}
[0.602s] Level 5:colcon.colcon_core.verb:set package 'pkg1' build argument 'cmake_args' from command line to 'None'
[0.602s] Level 5:colcon.colcon_core.verb:set package 'pkg1' build argument 'cmake_target' from command line to 'None'
[0.602s] Level 5:colcon.colcon_core.verb:set package 'pkg1' build argument 'cmake_target_skip_unavailable' from command line to 'False'
[0.602s] Level 5:colcon.colcon_core.verb:set package 'pkg1' build argument 'cmake_clean_cache' from command line to 'False'
[0.602s] Level 5:colcon.colcon_core.verb:set package 'pkg1' build argument 'cmake_clean_first' from command line to 'False'
[0.602s] Level 5:colcon.colcon_core.verb:set package 'pkg1' build argument 'cmake_force_configure' from command line to 'False'
[0.602s] Level 5:colcon.colcon_core.verb:set package 'pkg1' build argument 'ament_cmake_args' from command line to 'None'
[0.602s] Level 5:colcon.colcon_core.verb:set package 'pkg1' build argument 'catkin_cmake_args' from command line to 'None'
[0.603s] Level 5:colcon.colcon_core.verb:set package 'pkg1' build argument 'catkin_skip_building_tests' from command line to 'False'
[0.603s] DEBUG:colcon.colcon_core.verb:Building package 'pkg1' with the following arguments: {'ament_cmake_args': None, 'build_base': '/home/davood/ros2_ws/build/pkg1', 'catkin_cmake_args': None, 'catkin_skip_building_tests': False, 'cmake_args': None, 'cmake_clean_cache': False, 'cmake_clean_first': False, 'cmake_force_configure': False, 'cmake_target': None, 'cmake_target_skip_unavailable': False, 'install_base': '/home/davood/ros2_ws/install/pkg1', 'merge_install': False, 'path': '/home/davood/ros2_ws/src/pkg1', 'symlink_install': False, 'test_result_base': None}
[0.607s] Level 5:colcon.colcon_core.verb:set package 'pkg2' build argument 'cmake_args' from command line to 'None'
[0.608s] Level 5:colcon.colcon_core.verb:set package 'pkg2' build argument 'cmake_target' from command line to 'None'
[0.608s] Level 5:colcon.colcon_core.verb:set package 'pkg2' build argument 'cmake_target_skip_unavailable' from command line to 'False'
[0.608s] Level 5:colcon.colcon_core.verb:set package 'pkg2' build argument 'cmake_clean_cache' from command line to 'False'
[0.608s] Level 5:colcon.colcon_core.verb:set package 'pkg2' build argument 'cmake_clean_first' from command line to 'False'
[0.608s] Level 5:colcon.colcon_core.verb:set package 'pkg2' build argument 'cmake_force_configure' from command line to 'False'
[0.608s] Level 5:colcon.colcon_core.verb:set package 'pkg2' build argument 'ament_cmake_args' from command line to 'None'
[0.608s] Level 5:colcon.colcon_core.verb:set package 'pkg2' build argument 'catkin_cmake_args' from command line to 'None'
[0.608s] Level 5:colcon.colcon_core.verb:set package 'pkg2' build argument 'catkin_skip_building_tests' from command line to 'False'
[0.608s] DEBUG:colcon.colcon_core.verb:Building package 'pkg2' with the following arguments: {'ament_cmake_args': None, 'build_base': '/home/davood/ros2_ws/build/pkg2', 'catkin_cmake_args': None, 'catkin_skip_building_tests': False, 'cmake_args': None, 'cmake_clean_cache': False, 'cmake_clean_first': False, 'cmake_force_configure': False, 'cmake_target': None, 'cmake_target_skip_unavailable': False, 'install_base': '/home/davood/ros2_ws/install/pkg2', 'merge_install': False, 'path': '/home/davood/ros2_ws/src/pkg2', 'symlink_install': False, 'test_result_base': None}
[0.609s] INFO:colcon.colcon_core.executor:Executing jobs using 'parallel' executor
[0.614s] DEBUG:colcon.colcon_parallel_executor.executor.parallel:run_until_complete
[0.614s] INFO:colcon.colcon_ros.task.ament_python.build:Building ROS package in '/home/davood/ros2_ws/src/my_package' with build type 'ament_python'
[0.614s] Level 1:colcon.colcon_core.shell:create_environment_hook('my_package', 'ament_prefix_path')
[0.621s] INFO:colcon.colcon_core.plugin_system:Skipping extension 'colcon_core.shell.bat': Not used on non-Windows systems
[0.621s] INFO:colcon.colcon_core.shell:Creating environment hook '/home/davood/ros2_ws/install/my_package/share/my_package/hook/ament_prefix_path.ps1'
[0.622s] INFO:colcon.colcon_core.shell:Creating environment descriptor '/home/davood/ros2_ws/install/my_package/share/my_package/hook/ament_prefix_path.dsv'
[0.623s] INFO:colcon.colcon_core.shell:Creating environment hook '/home/davood/ros2_ws/install/my_package/share/my_package/hook/ament_prefix_path.sh'
[0.625s] INFO:colcon.colcon_core.shell:Skip shell extension 'powershell' for command environment: Not usable outside of PowerShell
[0.625s] DEBUG:colcon.colcon_core.shell:Skip shell extension 'dsv' for command environment
[0.630s] DEBUG:colcon.colcon_core.shell:Ignoring prefix path '/opt/ros/foxy'
[0.630s] DEBUG:colcon.colcon_core.shell:Ignoring prefix path '/opt/ros/noetic'
[0.633s] INFO:colcon.colcon_ros.task.ament_python.build:Building ROS package in '/home/davood/ros2_ws/src/pkg1' with build type 'ament_python'
[0.634s] Level 1:colcon.colcon_core.shell:create_environment_hook('pkg1', 'ament_prefix_path')
[0.635s] INFO:colcon.colcon_core.shell:Creating environment hook '/home/davood/ros2_ws/install/pkg1/share/pkg1/hook/ament_prefix_path.ps1'
[0.637s] INFO:colcon.colcon_core.shell:Creating environment descriptor '/home/davood/ros2_ws/install/pkg1/share/pkg1/hook/ament_prefix_path.dsv'
[0.638s] INFO:colcon.colcon_core.shell:Creating environment hook '/home/davood/ros2_ws/install/pkg1/share/pkg1/hook/ament_prefix_path.sh'
[0.641s] INFO:colcon.colcon_core.shell:Skip shell extension 'powershell' for command environment: Not usable outside of PowerShell
[0.641s] DEBUG:colcon.colcon_core.shell:Skip shell extension 'dsv' for command environment
[0.645s] DEBUG:colcon.colcon_core.shell:Ignoring prefix path '/opt/ros/foxy'
[0.645s] DEBUG:colcon.colcon_core.shell:Ignoring prefix path '/opt/ros/noetic'
[0.648s] INFO:colcon.colcon_ros.task.ament_cmake.build:Building ROS package in '/home/davood/ros2_ws/src/pkg2' with build type 'ament_cmake'
[0.649s] INFO:colcon.colcon_cmake.task.cmake.build:Building CMake package in '/home/davood/ros2_ws/src/pkg2'
[0.650s] INFO:colcon.colcon_core.shell:Skip shell extension 'powershell' for command environment: Not usable outside of PowerShell
[0.650s] DEBUG:colcon.colcon_core.shell:Skip shell extension 'dsv' for command environment
[0.656s] DEBUG:colcon.colcon_core.shell:Ignoring prefix path '/opt/ros/foxy'
[0.656s] DEBUG:colcon.colcon_core.shell:Ignoring prefix path '/opt/ros/noetic'
[1.080s] INFO:colcon.colcon_core.task.python.build:Building Python package in '/home/davood/ros2_ws/src/my_package'
[1.082s] INFO:colcon.colcon_core.shell:Skip shell extension 'powershell' for command environment: Not usable outside of PowerShell
[1.082s] DEBUG:colcon.colcon_core.shell:Skip shell extension 'dsv' for command environment
[1.086s] DEBUG:colcon.colcon_core.shell:Ignoring prefix path '/opt/ros/foxy'
[1.086s] DEBUG:colcon.colcon_core.shell:Ignoring prefix path '/opt/ros/noetic'
[1.526s] INFO:colcon.colcon_core.task.python.build:Building Python package in '/home/davood/ros2_ws/src/pkg1'
[1.528s] INFO:colcon.colcon_core.shell:Skip shell extension 'powershell' for command environment: Not usable outside of PowerShell
[1.528s] DEBUG:colcon.colcon_core.shell:Skip shell extension 'dsv' for command environment
[1.532s] DEBUG:colcon.colcon_core.shell:Ignoring prefix path '/opt/ros/foxy'
[1.532s] DEBUG:colcon.colcon_core.shell:Ignoring prefix path '/opt/ros/noetic'
[1.542s] DEBUG:colcon.colcon_core.event_handler.log_command:Invoking command in '/home/davood/ros2_ws/build/pkg2': CMAKE_PREFIX_PATH=/home/davood/ros2_ws/install/pkg2:/home/davood/ros2_ws/install/turtlebot3_cartographer:/home/davood/ros2_ws/install/pkg1:/home/davood/ros2_ws/install/my_package:/opt/ros/foxy:/opt/ros/noetic CONDA_PROMPT_MODIFIER=(base) /usr/bin/cmake --build /home/davood/ros2_ws/build/pkg2 -- -j8 -l8
[1.563s] DEBUG:colcon.colcon_core.event_handler.log_command:Invoking command in '/home/davood/ros2_ws/src/my_package': CONDA_PROMPT_MODIFIER=(base) PYTHONPATH=/home/davood/ros2_ws/install/my_package/lib/python3.8/site-packages:${PYTHONPATH} /usr/bin/python3 setup.py egg_info --egg-base ../../build/my_package build --build-base /home/davood/ros2_ws/build/my_package/build install --prefix /home/davood/ros2_ws/install/my_package --record /home/davood/ros2_ws/build/my_package/install.log --single-version-externally-managed
[1.568s] DEBUG:colcon.colcon_core.event_handler.log_command:Invoking command in '/home/davood/ros2_ws/src/pkg1': CONDA_PROMPT_MODIFIER=(base) PYTHONPATH=/home/davood/ros2_ws/install/pkg1/lib/python3.8/site-packages:${PYTHONPATH} /usr/bin/python3 setup.py egg_info --egg-base ../../build/pkg1 build --build-base /home/davood/ros2_ws/build/pkg1/build install --prefix /home/davood/ros2_ws/install/pkg1 --record /home/davood/ros2_ws/build/pkg1/install.log --single-version-externally-managed
[1.632s] DEBUG:colcon.colcon_core.event_handler.log_command:Invoked command in '/home/davood/ros2_ws/build/pkg2' returned '0': CMAKE_PREFIX_PATH=/home/davood/ros2_ws/install/pkg2:/home/davood/ros2_ws/install/turtlebot3_cartographer:/home/davood/ros2_ws/install/pkg1:/home/davood/ros2_ws/install/my_package:/opt/ros/foxy:/opt/ros/noetic CONDA_PROMPT_MODIFIER=(base) /usr/bin/cmake --build /home/davood/ros2_ws/build/pkg2 -- -j8 -l8
[1.677s] DEBUG:colcon.colcon_core.event_handler.log_command:Invoking command in '/home/davood/ros2_ws/build/pkg2': CMAKE_PREFIX_PATH=/home/davood/ros2_ws/install/pkg2:/home/davood/ros2_ws/install/turtlebot3_cartographer:/home/davood/ros2_ws/install/pkg1:/home/davood/ros2_ws/install/my_package:/opt/ros/foxy:/opt/ros/noetic CONDA_PROMPT_MODIFIER=(base) /usr/bin/cmake --install /home/davood/ros2_ws/build/pkg2
[1.695s] Level 1:colcon.colcon_core.environment:create_environment_scripts_only(pkg2)
[1.699s] DEBUG:colcon.colcon_core.event_handler.log_command:Invoked command in '/home/davood/ros2_ws/build/pkg2' returned '0': CMAKE_PREFIX_PATH=/home/davood/ros2_ws/install/pkg2:/home/davood/ros2_ws/install/turtlebot3_cartographer:/home/davood/ros2_ws/install/pkg1:/home/davood/ros2_ws/install/my_package:/opt/ros/foxy:/opt/ros/noetic CONDA_PROMPT_MODIFIER=(base) /usr/bin/cmake --install /home/davood/ros2_ws/build/pkg2
[1.704s] Level 1:colcon.colcon_core.environment:checking '/home/davood/ros2_ws/install/pkg2' for CMake module files
[1.706s] Level 1:colcon.colcon_core.environment:checking '/home/davood/ros2_ws/install/pkg2' for CMake config files
[1.706s] Level 1:colcon.colcon_core.shell:create_environment_hook('pkg2', 'cmake_prefix_path')
[1.707s] INFO:colcon.colcon_core.shell:Creating environment hook '/home/davood/ros2_ws/install/pkg2/share/pkg2/hook/cmake_prefix_path.ps1'
[1.708s] INFO:colcon.colcon_core.shell:Creating environment descriptor '/home/davood/ros2_ws/install/pkg2/share/pkg2/hook/cmake_prefix_path.dsv'
[1.709s] INFO:colcon.colcon_core.shell:Creating environment hook '/home/davood/ros2_ws/install/pkg2/share/pkg2/hook/cmake_prefix_path.sh'
[1.710s] Level 1:colcon.colcon_core.environment:checking '/home/davood/ros2_ws/install/pkg2/bin'
[1.710s] Level 1:colcon.colcon_core.environment:checking '/home/davood/ros2_ws/install/pkg2/lib/pkgconfig/pkg2.pc'
[1.710s] Level 1:colcon.colcon_core.environment:checking '/home/davood/ros2_ws/install/pkg2/lib/python3.8/site-packages'
[1.711s] INFO:colcon.colcon_core.shell:Creating package script '/home/davood/ros2_ws/install/pkg2/share/pkg2/package.ps1'
[1.713s] INFO:colcon.colcon_core.shell:Creating package descriptor '/home/davood/ros2_ws/install/pkg2/share/pkg2/package.dsv'
[1.714s] INFO:colcon.colcon_core.shell:Creating package script '/home/davood/ros2_ws/install/pkg2/share/pkg2/package.sh'
[1.715s] INFO:colcon.colcon_core.shell:Creating package script '/home/davood/ros2_ws/install/pkg2/share/pkg2/package.bash'
[1.717s] INFO:colcon.colcon_core.shell:Creating package script '/home/davood/ros2_ws/install/pkg2/share/pkg2/package.zsh'
[1.718s] Level 1:colcon.colcon_core.environment:create_file_with_runtime_dependencies(/home/davood/ros2_ws/install/pkg2/share/colcon-core/packages/pkg2)
[1.751s] Level 1:colcon.colcon_core.environment:create_environment_scripts_only(pkg2)
[1.753s] Level 1:colcon.colcon_core.environment:checking '/home/davood/ros2_ws/install/pkg2' for CMake module files
[1.754s] Level 1:colcon.colcon_core.environment:checking '/home/davood/ros2_ws/install/pkg2' for CMake config files
[1.754s] Level 1:colcon.colcon_core.shell:create_environment_hook('pkg2', 'cmake_prefix_path')
[1.755s] INFO:colcon.colcon_core.shell:Creating environment hook '/home/davood/ros2_ws/install/pkg2/share/pkg2/hook/cmake_prefix_path.ps1'
[1.756s] INFO:colcon.colcon_core.shell:Creating environment descriptor '/home/davood/ros2_ws/install/pkg2/share/pkg2/hook/cmake_prefix_path.dsv'
[1.756s] INFO:colcon.colcon_core.shell:Creating environment hook '/home/davood/ros2_ws/install/pkg2/share/pkg2/hook/cmake_prefix_path.sh'
[1.757s] Level 1:colcon.colcon_core.environment:checking '/home/davood/ros2_ws/install/pkg2/bin'
[1.757s] Level 1:colcon.colcon_core.environment:checking '/home/davood/ros2_ws/install/pkg2/lib/pkgconfig/pkg2.pc'
[1.758s] Level 1:colcon.colcon_core.environment:checking '/home/davood/ros2_ws/install/pkg2/lib/python3.8/site-packages'
[1.759s] INFO:colcon.colcon_core.shell:Creating package script '/home/davood/ros2_ws/install/pkg2/share/pkg2/package.ps1'
[1.760s] INFO:colcon.colcon_core.shell:Creating package descriptor '/home/davood/ros2_ws/install/pkg2/share/pkg2/package.dsv'
[1.760s] INFO:colcon.colcon_core.shell:Creating package script '/home/davood/ros2_ws/install/pkg2/share/pkg2/package.sh'
[1.761s] INFO:colcon.colcon_core.shell:Creating package script '/home/davood/ros2_ws/install/pkg2/share/pkg2/package.bash'
[1.762s] INFO:colcon.colcon_core.shell:Creating package script '/home/davood/ros2_ws/install/pkg2/share/pkg2/package.zsh'
[1.763s] Level 1:colcon.colcon_core.environment:create_file_with_runtime_dependencies(/home/davood/ros2_ws/install/pkg2/share/colcon-core/packages/pkg2)
[2.166s] Level 1:colcon.colcon_core.environment:checking '/home/davood/ros2_ws/install/pkg1' for CMake module files
[2.168s] DEBUG:colcon.colcon_core.event_handler.log_command:Invoked command in '/home/davood/ros2_ws/src/pkg1' returned '0': CONDA_PROMPT_MODIFIER=(base) PYTHONPATH=/home/davood/ros2_ws/install/pkg1/lib/python3.8/site-packages:${PYTHONPATH} /usr/bin/python3 setup.py egg_info --egg-base ../../build/pkg1 build --build-base /home/davood/ros2_ws/build/pkg1/build install --prefix /home/davood/ros2_ws/install/pkg1 --record /home/davood/ros2_ws/build/pkg1/install.log --single-version-externally-managed
[2.168s] Level 1:colcon.colcon_core.environment:checking '/home/davood/ros2_ws/install/pkg1' for CMake config files
[2.169s] Level 1:colcon.colcon_core.environment:checking '/home/davood/ros2_ws/install/pkg1/lib'
[2.169s] Level 1:colcon.colcon_core.environment:checking '/home/davood/ros2_ws/install/pkg1/bin'
[2.169s] Level 1:colcon.colcon_core.environment:checking '/home/davood/ros2_ws/install/pkg1/lib/pkgconfig/pkg1.pc'
[2.169s] Level 1:colcon.colcon_core.environment:checking '/home/davood/ros2_ws/install/pkg1/lib/python3.8/site-packages'
[2.169s] Level 1:colcon.colcon_core.shell:create_environment_hook('pkg1', 'pythonpath')
[2.170s] INFO:colcon.colcon_core.shell:Creating environment hook '/home/davood/ros2_ws/install/pkg1/share/pkg1/hook/pythonpath.ps1'
[2.172s] INFO:colcon.colcon_core.shell:Creating environment descriptor '/home/davood/ros2_ws/install/pkg1/share/pkg1/hook/pythonpath.dsv'
[2.173s] INFO:colcon.colcon_core.shell:Creating environment hook '/home/davood/ros2_ws/install/pkg1/share/pkg1/hook/pythonpath.sh'
[2.174s] Level 1:colcon.colcon_core.environment:create_environment_scripts_only(pkg1)
[2.175s] INFO:colcon.colcon_core.shell:Creating package script '/home/davood/ros2_ws/install/pkg1/share/pkg1/package.ps1'
[2.177s] INFO:colcon.colcon_core.shell:Creating package descriptor '/home/davood/ros2_ws/install/pkg1/share/pkg1/package.dsv'
[2.178s] INFO:colcon.colcon_core.shell:Creating package script '/home/davood/ros2_ws/install/pkg1/share/pkg1/package.sh'
[2.179s] INFO:colcon.colcon_core.shell:Creating package script '/home/davood/ros2_ws/install/pkg1/share/pkg1/package.bash'
[2.180s] INFO:colcon.colcon_core.shell:Creating package script '/home/davood/ros2_ws/install/pkg1/share/pkg1/package.zsh'
[2.180s] Level 1:colcon.colcon_core.environment:create_file_with_runtime_dependencies(/home/davood/ros2_ws/install/pkg1/share/colcon-core/packages/pkg1)
[2.253s] Level 1:colcon.colcon_core.environment:checking '/home/davood/ros2_ws/install/my_package' for CMake module files
[2.255s] DEBUG:colcon.colcon_core.event_handler.log_command:Invoked command in '/home/davood/ros2_ws/src/my_package' returned '0': CONDA_PROMPT_MODIFIER=(base) PYTHONPATH=/home/davood/ros2_ws/install/my_package/lib/python3.8/site-packages:${PYTHONPATH} /usr/bin/python3 setup.py egg_info --egg-base ../../build/my_package build --build-base /home/davood/ros2_ws/build/my_package/build install --prefix /home/davood/ros2_ws/install/my_package --record /home/davood/ros2_ws/build/my_package/install.log --single-version-externally-managed
[2.255s] Level 1:colcon.colcon_core.environment:checking '/home/davood/ros2_ws/install/my_package' for CMake config files
[2.256s] Level 1:colcon.colcon_core.environment:checking '/home/davood/ros2_ws/install/my_package/lib'
[2.256s] Level 1:colcon.colcon_core.environment:checking '/home/davood/ros2_ws/install/my_package/bin'
[2.257s] Level 1:colcon.colcon_core.environment:checking '/home/davood/ros2_ws/install/my_package/lib/pkgconfig/my_package.pc'
[2.257s] Level 1:colcon.colcon_core.environment:checking '/home/davood/ros2_ws/install/my_package/lib/python3.8/site-packages'
[2.257s] Level 1:colcon.colcon_core.shell:create_environment_hook('my_package', 'pythonpath')
[2.258s] INFO:colcon.colcon_core.shell:Creating environment hook '/home/davood/ros2_ws/install/my_package/share/my_package/hook/pythonpath.ps1'
[2.258s] INFO:colcon.colcon_core.shell:Creating environment descriptor '/home/davood/ros2_ws/install/my_package/share/my_package/hook/pythonpath.dsv'
[2.259s] INFO:colcon.colcon_core.shell:Creating environment hook '/home/davood/ros2_ws/install/my_package/share/my_package/hook/pythonpath.sh'
[2.259s] Level 1:colcon.colcon_core.environment:create_environment_scripts_only(my_package)
[2.261s] INFO:colcon.colcon_core.shell:Creating package script '/home/davood/ros2_ws/install/my_package/share/my_package/package.ps1'
[2.262s] INFO:colcon.colcon_core.shell:Creating package descriptor '/home/davood/ros2_ws/install/my_package/share/my_package/package.dsv'
[2.263s] INFO:colcon.colcon_core.shell:Creating package script '/home/davood/ros2_ws/install/my_package/share/my_package/package.sh'
[2.263s] INFO:colcon.colcon_core.shell:Creating package script '/home/davood/ros2_ws/install/my_package/share/my_package/package.bash'
[2.264s] INFO:colcon.colcon_core.shell:Creating package script '/home/davood/ros2_ws/install/my_package/share/my_package/package.zsh'
[2.264s] Level 1:colcon.colcon_core.environment:create_file_with_runtime_dependencies(/home/davood/ros2_ws/install/my_package/share/colcon-core/packages/my_package)
[2.265s] DEBUG:colcon.colcon_parallel_executor.executor.parallel:closing loop
[2.265s] DEBUG:colcon.colcon_parallel_executor.executor.parallel:loop closed
[2.265s] DEBUG:colcon.colcon_parallel_executor.executor.parallel:run_until_complete finished with '0'
[2.266s] DEBUG:colcon.colcon_core.event_reactor:joining thread
[2.276s] INFO:colcon.colcon_core.plugin_system:Skipping extension 'colcon_notification.desktop_notification.terminal_notifier': Not used on non-Darwin systems
[2.276s] INFO:colcon.colcon_core.plugin_system:Skipping extension 'colcon_notification.desktop_notification.win32': Not used on non-Windows systems
[2.276s] INFO:colcon.colcon_notification.desktop_notification:Sending desktop notification using 'notify2'
[2.308s] DEBUG:colcon.colcon_core.event_reactor:joined thread
[2.310s] INFO:colcon.colcon_core.shell:Creating prefix script '/home/davood/ros2_ws/install/local_setup.ps1'
[2.312s] INFO:colcon.colcon_core.shell:Creating prefix util module '/home/davood/ros2_ws/install/_local_setup_util_ps1.py'
[2.316s] INFO:colcon.colcon_core.shell:Creating prefix chain script '/home/davood/ros2_ws/install/setup.ps1'
[2.321s] INFO:colcon.colcon_core.shell:Creating prefix script '/home/davood/ros2_ws/install/local_setup.sh'
[2.321s] INFO:colcon.colcon_core.shell:Creating prefix util module '/home/davood/ros2_ws/install/_local_setup_util_sh.py'
[2.322s] INFO:colcon.colcon_core.shell:Creating prefix chain script '/home/davood/ros2_ws/install/setup.sh'
[2.328s] INFO:colcon.colcon_core.shell:Creating prefix script '/home/davood/ros2_ws/install/local_setup.bash'
[2.329s] INFO:colcon.colcon_core.shell:Creating prefix chain script '/home/davood/ros2_ws/install/setup.bash'
[2.333s] INFO:colcon.colcon_core.shell:Creating prefix script '/home/davood/ros2_ws/install/local_setup.zsh'
[2.334s] INFO:colcon.colcon_core.shell:Creating prefix chain script '/home/davood/ros2_ws/install/setup.zsh'
